;  LST file generated by mikroListExporter - v.2.0 
; Date/Time: 06/06/2023 20:04:28
;----------------------------------------------

;Address Opcode 	ASM
0x0000	0xF003EFA1  	GOTO        1858
0x0004	0x0000      	NOP
0x0006	0x0000      	NOP
0x0008	0xF000EF00  	GOTO        0
0x000C	0x0000      	NOP
0x000E	0x0000      	NOP
0x0010	0x0000      	NOP
0x0012	0x0000      	NOP
0x0014	0x0000      	NOP
0x0016	0x0000      	NOP
0x0018	0xD7F3      	BRA         0
_Delay_1us:
;__Lib_Delays.c,7 :: 		void Delay_1us() {
;__Lib_Delays.c,8 :: 		Delay_us(1);
0x001C	0x0000      	NOP
0x001E	0x0000      	NOP
;__Lib_Delays.c,9 :: 		}
L_end_Delay_1us:
0x0020	0x0012      	RETURN      0
; end of _Delay_1us
_Delay_50us:
;__Lib_Delays.c,19 :: 		void Delay_50us() {
;__Lib_Delays.c,20 :: 		Delay_us(50);
0x0022	0x0E21      	MOVLW       33
0x0024	0x6E0D      	MOVWF       R13, 0
L_Delay_50us2:
0x0026	0x2E0D      	DECFSZ      R13, 1, 0
0x0028	0xD7FE      	BRA         L_Delay_50us2
;__Lib_Delays.c,21 :: 		}
L_end_Delay_50us:
0x002A	0x0012      	RETURN      0
; end of _Delay_50us
_Delay_5500us:
;__Lib_Delays.c,31 :: 		void Delay_5500us() {
;__Lib_Delays.c,32 :: 		Delay_us(5500);
0x002C	0x0E0F      	MOVLW       15
0x002E	0x6E0C      	MOVWF       R12, 0
0x0030	0x0E47      	MOVLW       71
0x0032	0x6E0D      	MOVWF       R13, 0
L_Delay_5500us5:
0x0034	0x2E0D      	DECFSZ      R13, 1, 0
0x0036	0xD7FE      	BRA         L_Delay_5500us5
0x0038	0x2E0C      	DECFSZ      R12, 1, 0
0x003A	0xD7FC      	BRA         L_Delay_5500us5
0x003C	0x0000      	NOP
0x003E	0x0000      	NOP
;__Lib_Delays.c,33 :: 		}
L_end_Delay_5500us:
0x0040	0x0012      	RETURN      0
; end of _Delay_5500us
_SETFUN32:
;__Lib_MathDouble.c,144 :: 		
;__Lib_MathDouble.c,152 :: 		
0x0042	0x840B      	BSF         R11, 2, 0
;__Lib_MathDouble.c,153 :: 		
0x0044	0xAE0B      	BTFSS       R11, 7, 0
;__Lib_MathDouble.c,154 :: 		
0x0046	0xF000EF2C  	GOTO        SETFUN32EEE
;__Lib_MathDouble.c,156 :: 		
0x004A	0x0E01      	MOVLW       1
;__Lib_MathDouble.c,157 :: 		
0x004C	0x6E03      	MOVWF       R3, 0
;__Lib_MathDouble.c,158 :: 		
0x004E	0x6A02      	CLRF        R2, 0
;__Lib_MathDouble.c,159 :: 		
0x0050	0x6A01      	CLRF        R1, 0
;__Lib_MathDouble.c,160 :: 		
0x0052	0x6A00      	CLRF        R0, 0
;__Lib_MathDouble.c,161 :: 		
0x0054	0x360A      	RLCF        R10, 1, 0
;__Lib_MathDouble.c,162 :: 		
0x0056	0x3202      	RRCF        R2, 1, 0
;__Lib_MathDouble.c,163 :: 		
SETFUN32EEE:
;__Lib_MathDouble.c,164 :: 		
0x0058	0x0EFF      	MOVLW       255
;__Lib_MathDouble.c,166 :: 		
L_end_SETFUN32:
0x005A	0x0012      	RETURN      0
; end of _SETFUN32
_FIXSIGN32:
;__Lib_MathDouble.c,117 :: 		
;__Lib_MathDouble.c,121 :: 		
0x005C	0xAE0A      	BTFSS       R10, 7, 0
;__Lib_MathDouble.c,122 :: 		
0x005E	0x9E02      	BCF         R2, 7, 0
;__Lib_MathDouble.c,123 :: 		
0x0060	0x0E00      	MOVLW       0
;__Lib_MathDouble.c,125 :: 		
L_end_FIXSIGN32:
0x0062	0x0012      	RETURN      0
; end of _FIXSIGN32
_Lcd_Cmd:
;__Lib_Lcd.c,18 :: 		
;__Lib_Lcd.c,20 :: 		
0x0064	0xBE5B      	BTFSC       FARG_Lcd_Cmd_out_char, 7 
0x0066	0xD002      	BRA         L__Lcd_Cmd21
0x0068	0x968A      	BCF         LCD_D7, BitPos(LCD_D7+0) 
0x006A	0xD001      	BRA         L__Lcd_Cmd22
L__Lcd_Cmd21:
0x006C	0x868A      	BSF         LCD_D7, BitPos(LCD_D7+0) 
L__Lcd_Cmd22:
;__Lib_Lcd.c,21 :: 		
0x006E	0xBC5B      	BTFSC       FARG_Lcd_Cmd_out_char, 6 
0x0070	0xD002      	BRA         L__Lcd_Cmd23
0x0072	0x948A      	BCF         LCD_D6, BitPos(LCD_D6+0) 
0x0074	0xD001      	BRA         L__Lcd_Cmd24
L__Lcd_Cmd23:
0x0076	0x848A      	BSF         LCD_D6, BitPos(LCD_D6+0) 
L__Lcd_Cmd24:
;__Lib_Lcd.c,22 :: 		
0x0078	0xBA5B      	BTFSC       FARG_Lcd_Cmd_out_char, 5 
0x007A	0xD002      	BRA         L__Lcd_Cmd25
0x007C	0x928A      	BCF         LCD_D5, BitPos(LCD_D5+0) 
0x007E	0xD001      	BRA         L__Lcd_Cmd26
L__Lcd_Cmd25:
0x0080	0x828A      	BSF         LCD_D5, BitPos(LCD_D5+0) 
L__Lcd_Cmd26:
;__Lib_Lcd.c,23 :: 		
0x0082	0xB85B      	BTFSC       FARG_Lcd_Cmd_out_char, 4 
0x0084	0xD002      	BRA         L__Lcd_Cmd27
0x0086	0x908A      	BCF         LCD_D4, BitPos(LCD_D4+0) 
0x0088	0xD001      	BRA         L__Lcd_Cmd28
L__Lcd_Cmd27:
0x008A	0x808A      	BSF         LCD_D4, BitPos(LCD_D4+0) 
L__Lcd_Cmd28:
;__Lib_Lcd.c,25 :: 		
0x008C	0xB02E      	BTFSC       __Lib_Lcd_cmd_status, BitPos(__Lib_Lcd_cmd_status+0) 
0x008E	0xD002      	BRA         L__Lcd_Cmd29
0x0090	0x888A      	BSF         LCD_RS, BitPos(LCD_RS+0) 
0x0092	0xD001      	BRA         L__Lcd_Cmd30
L__Lcd_Cmd29:
0x0094	0x988A      	BCF         LCD_RS, BitPos(LCD_RS+0) 
L__Lcd_Cmd30:
;__Lib_Lcd.c,28 :: 		
0x0096	0x8A8A      	BSF         LCD_EN, BitPos(LCD_EN+0) 
;__Lib_Lcd.c,29 :: 		
0x0098	0xDFC1      	RCALL       _Delay_1us
;__Lib_Lcd.c,30 :: 		
0x009A	0x9A8A      	BCF         LCD_EN, BitPos(LCD_EN+0) 
;__Lib_Lcd.c,33 :: 		
0x009C	0xB65B      	BTFSC       FARG_Lcd_Cmd_out_char, 3 
0x009E	0xD002      	BRA         L__Lcd_Cmd31
0x00A0	0x968A      	BCF         LCD_D7, BitPos(LCD_D7+0) 
0x00A2	0xD001      	BRA         L__Lcd_Cmd32
L__Lcd_Cmd31:
0x00A4	0x868A      	BSF         LCD_D7, BitPos(LCD_D7+0) 
L__Lcd_Cmd32:
;__Lib_Lcd.c,34 :: 		
0x00A6	0xB45B      	BTFSC       FARG_Lcd_Cmd_out_char, 2 
0x00A8	0xD002      	BRA         L__Lcd_Cmd33
0x00AA	0x948A      	BCF         LCD_D6, BitPos(LCD_D6+0) 
0x00AC	0xD001      	BRA         L__Lcd_Cmd34
L__Lcd_Cmd33:
0x00AE	0x848A      	BSF         LCD_D6, BitPos(LCD_D6+0) 
L__Lcd_Cmd34:
;__Lib_Lcd.c,35 :: 		
0x00B0	0xB25B      	BTFSC       FARG_Lcd_Cmd_out_char, 1 
0x00B2	0xD002      	BRA         L__Lcd_Cmd35
0x00B4	0x928A      	BCF         LCD_D5, BitPos(LCD_D5+0) 
0x00B6	0xD001      	BRA         L__Lcd_Cmd36
L__Lcd_Cmd35:
0x00B8	0x828A      	BSF         LCD_D5, BitPos(LCD_D5+0) 
L__Lcd_Cmd36:
;__Lib_Lcd.c,36 :: 		
0x00BA	0xB05B      	BTFSC       FARG_Lcd_Cmd_out_char, 0 
0x00BC	0xD002      	BRA         L__Lcd_Cmd37
0x00BE	0x908A      	BCF         LCD_D4, BitPos(LCD_D4+0) 
0x00C0	0xD001      	BRA         L__Lcd_Cmd38
L__Lcd_Cmd37:
0x00C2	0x808A      	BSF         LCD_D4, BitPos(LCD_D4+0) 
L__Lcd_Cmd38:
;__Lib_Lcd.c,38 :: 		
0x00C4	0xB02E      	BTFSC       __Lib_Lcd_cmd_status, BitPos(__Lib_Lcd_cmd_status+0) 
0x00C6	0xD002      	BRA         L__Lcd_Cmd39
0x00C8	0x888A      	BSF         LCD_RS, BitPos(LCD_RS+0) 
0x00CA	0xD001      	BRA         L__Lcd_Cmd40
L__Lcd_Cmd39:
0x00CC	0x988A      	BCF         LCD_RS, BitPos(LCD_RS+0) 
L__Lcd_Cmd40:
;__Lib_Lcd.c,40 :: 		
0x00CE	0x8A8A      	BSF         LCD_EN, BitPos(LCD_EN+0) 
;__Lib_Lcd.c,41 :: 		
0x00D0	0xDFA5      	RCALL       _Delay_1us
;__Lib_Lcd.c,42 :: 		
0x00D2	0x9A8A      	BCF         LCD_EN, BitPos(LCD_EN+0) 
;__Lib_Lcd.c,44 :: 		
0x00D4	0xA02E      	BTFSS       __Lib_Lcd_cmd_status, BitPos(__Lib_Lcd_cmd_status+0) 
0x00D6	0xD002      	BRA         L_Lcd_Cmd0
;__Lib_Lcd.c,45 :: 		
0x00D8	0xDFA9      	RCALL       _Delay_5500us
0x00DA	0xD001      	BRA         L_Lcd_Cmd1
L_Lcd_Cmd0:
;__Lib_Lcd.c,47 :: 		
0x00DC	0xDFA2      	RCALL       _Delay_50us
L_Lcd_Cmd1:
;__Lib_Lcd.c,48 :: 		
L_end_Lcd_Cmd:
0x00DE	0x0012      	RETURN      0
; end of _Lcd_Cmd
_RES032:
;__Lib_MathDouble.c,128 :: 		
;__Lib_MathDouble.c,134 :: 		
0x00E0	0x6A02      	CLRF        R2, 0
;__Lib_MathDouble.c,135 :: 		
0x00E2	0x6A01      	CLRF        R1, 0
;__Lib_MathDouble.c,136 :: 		
0x00E4	0x6A00      	CLRF        R0, 0
;__Lib_MathDouble.c,137 :: 		
0x00E6	0x6A08      	CLRF        R8, 0
;__Lib_MathDouble.c,138 :: 		
0x00E8	0x6A03      	CLRF        R3, 0
;__Lib_MathDouble.c,139 :: 		
0x00EA	0x0E00      	MOVLW       0
;__Lib_MathDouble.c,141 :: 		
L_end_RES032:
0x00EC	0x0012      	RETURN      0
; end of _RES032
_Delay_22us:
;__Lib_Delays.c,15 :: 		void Delay_22us() {
;__Lib_Delays.c,16 :: 		Delay_us(22);
0x00EE	0x0E0E      	MOVLW       14
0x00F0	0x6E0D      	MOVWF       R13, 0
L_Delay_22us1:
0x00F2	0x2E0D      	DECFSZ      R13, 1, 0
0x00F4	0xD7FE      	BRA         L_Delay_22us1
0x00F6	0x0000      	NOP
;__Lib_Delays.c,17 :: 		}
L_end_Delay_22us:
0x00F8	0x0012      	RETURN      0
; end of _Delay_22us
_NRM3232:
;__Lib_MathDouble.c,455 :: 		
;__Lib_MathDouble.c,463 :: 		
0x00FA	0x6A0C      	CLRF        R12, 0
;__Lib_MathDouble.c,464 :: 		
0x00FC	0x6A0E      	CLRF        R14, 0
;__Lib_MathDouble.c,465 :: 		
0x00FE	0x5002      	MOVF        R2, 0, 0
;__Lib_MathDouble.c,466 :: 		
0x0100	0xA4D8      	BTFSS       STATUS, 2, 0
;__Lib_MathDouble.c,467 :: 		
0x0102	0xF000EF96  	GOTO        NORM3232
;__Lib_MathDouble.c,468 :: 		
0x0106	0xF002C001  	MOVFF       R1, R2
;__Lib_MathDouble.c,469 :: 		
0x010A	0xF001C000  	MOVFF       R0, R1
;__Lib_MathDouble.c,470 :: 		
0x010E	0x6A00      	CLRF        R0, 0
;__Lib_MathDouble.c,471 :: 		
0x0110	0x860E      	BSF         R14, 3, 0
;__Lib_MathDouble.c,473 :: 		
0x0112	0x5002      	MOVF        R2, 0, 0
;__Lib_MathDouble.c,474 :: 		
0x0114	0xA4D8      	BTFSS       STATUS, 2, 0
;__Lib_MathDouble.c,475 :: 		
0x0116	0xF000EF96  	GOTO        NORM3232
;__Lib_MathDouble.c,476 :: 		
0x011A	0xF002C001  	MOVFF       R1, R2
;__Lib_MathDouble.c,477 :: 		
0x011E	0x6A01      	CLRF        R1, 0
;__Lib_MathDouble.c,478 :: 		
0x0120	0x960E      	BCF         R14, 3, 0
;__Lib_MathDouble.c,479 :: 		
0x0122	0x880E      	BSF         R14, 4, 0
;__Lib_MathDouble.c,481 :: 		
0x0124	0x5002      	MOVF        R2, 0, 0
;__Lib_MathDouble.c,482 :: 		
0x0126	0xB4D8      	BTFSC       STATUS, 2, 0
;__Lib_MathDouble.c,483 :: 		
0x0128	0xF000EFA8  	GOTO        JPNRES032
;__Lib_MathDouble.c,484 :: 		
NORM3232:
;__Lib_MathDouble.c,485 :: 		
0x012C	0x500E      	MOVF        R14, 0, 0
;__Lib_MathDouble.c,486 :: 		
0x012E	0x5E03      	SUBWF       R3, 1, 0
;__Lib_MathDouble.c,487 :: 		
0x0130	0xA4D8      	BTFSS       STATUS, 2, 0
;__Lib_MathDouble.c,488 :: 		
0x0132	0xA0D8      	BTFSS       STATUS, 0, 0
;__Lib_MathDouble.c,489 :: 		
0x0134	0xF000EFAD  	GOTO        JPNSETFUN32
;__Lib_MathDouble.c,490 :: 		
0x0138	0x90D8      	BCF         STATUS, 0, 0
;__Lib_MathDouble.c,491 :: 		
NORM3232A:
;__Lib_MathDouble.c,492 :: 		
0x013A	0xBE02      	BTFSC       R2, 7, 0
;__Lib_MathDouble.c,493 :: 		
0x013C	0xF000EFB2  	GOTO        JMPNFIXSIGN32
;__Lib_MathDouble.c,494 :: 		
0x0140	0x3600      	RLCF        R0, 1, 0
;__Lib_MathDouble.c,495 :: 		
0x0142	0x3601      	RLCF        R1, 1, 0
;__Lib_MathDouble.c,496 :: 		
0x0144	0x3602      	RLCF        R2, 1, 0
;__Lib_MathDouble.c,497 :: 		
0x0146	0x2E03      	DECFSZ      R3, 1, 0
;__Lib_MathDouble.c,498 :: 		
0x0148	0xF000EF9D  	GOTO        NORM3232A
;__Lib_MathDouble.c,499 :: 		
0x014C	0xF000EFAD  	GOTO        JPNSETFUN32
;__Lib_MathDouble.c,500 :: 		
JPNRES032:
;__Lib_MathDouble.c,501 :: 		
0x0150	0x0E01      	MOVLW       1
;__Lib_MathDouble.c,502 :: 		
0x0152	0x6E0C      	MOVWF       R12, 0
;__Lib_MathDouble.c,504 :: 		
0x0154	0xDFC5      	RCALL       _RES032
;__Lib_MathDouble.c,506 :: 		
0x0156	0xF000EFB5  	GOTO        NORM32EEE
;__Lib_MathDouble.c,507 :: 		
JPNSETFUN32:
;__Lib_MathDouble.c,508 :: 		
0x015A	0x0E02      	MOVLW       2
;__Lib_MathDouble.c,509 :: 		
0x015C	0x6E0C      	MOVWF       R12, 0
;__Lib_MathDouble.c,511 :: 		
0x015E	0xDF71      	RCALL       _SETFUN32
;__Lib_MathDouble.c,513 :: 		
0x0160	0xF000EFB5  	GOTO        NORM32EEE
;__Lib_MathDouble.c,514 :: 		
JMPNFIXSIGN32:
;__Lib_MathDouble.c,515 :: 		
0x0164	0x0E04      	MOVLW       4
;__Lib_MathDouble.c,516 :: 		
0x0166	0x6E0C      	MOVWF       R12, 0
;__Lib_MathDouble.c,518 :: 		
0x0168	0xDF79      	RCALL       _FIXSIGN32
;__Lib_MathDouble.c,520 :: 		
NORM32EEE:
;__Lib_MathDouble.c,527 :: 		
L_end_NRM3232:
0x016A	0x0012      	RETURN      0
; end of _NRM3232
_SETFOV32:
;__Lib_MathDouble.c,82 :: 		
;__Lib_MathDouble.c,90 :: 		
0x016C	0x820B      	BSF         R11, 1, 0
;__Lib_MathDouble.c,91 :: 		
0x016E	0xAE0B      	BTFSS       R11, 7, 0
;__Lib_MathDouble.c,92 :: 		
0x0170	0xF000EFC0  	GOTO        SETFOV32EEE
;__Lib_MathDouble.c,94 :: 		
0x0174	0x6803      	SETF        R3, 0
;__Lib_MathDouble.c,95 :: 		
0x0176	0x6802      	SETF        R2, 0
;__Lib_MathDouble.c,96 :: 		
0x0178	0x6801      	SETF        R1, 0
;__Lib_MathDouble.c,97 :: 		
0x017A	0x6800      	SETF        R0, 0
;__Lib_MathDouble.c,98 :: 		
0x017C	0x360A      	RLCF        R10, 1, 0
;__Lib_MathDouble.c,99 :: 		
0x017E	0x3202      	RRCF        R2, 1, 0
;__Lib_MathDouble.c,100 :: 		
SETFOV32EEE:
;__Lib_MathDouble.c,101 :: 		
0x0180	0x0EFF      	MOVLW       255
;__Lib_MathDouble.c,103 :: 		
L_end_SETFOV32:
0x0182	0x0012      	RETURN      0
; end of _SETFOV32
_Lcd_Chr_CP:
;__Lib_Lcd.c,50 :: 		
;__Lib_Lcd.c,52 :: 		
0x0184	0x902E      	BCF         __Lib_Lcd_cmd_status, BitPos(__Lib_Lcd_cmd_status+0) 
;__Lib_Lcd.c,53 :: 		
0x0186	0xF05BC05A  	MOVFF       FARG_Lcd_Chr_CP_out_char, FARG_Lcd_Cmd_out_char
0x018A	0xDF6C      	RCALL       _Lcd_Cmd
;__Lib_Lcd.c,54 :: 		
0x018C	0x802E      	BSF         __Lib_Lcd_cmd_status, BitPos(__Lib_Lcd_cmd_status+0) 
;__Lib_Lcd.c,55 :: 		
L_end_Lcd_Chr_CP:
0x018E	0x0012      	RETURN      0
; end of _Lcd_Chr_CP
_SETFDZ32:
;__Lib_MathDouble.c,106 :: 		
;__Lib_MathDouble.c,110 :: 		
0x0190	0x6A0B      	CLRF        R11, 0
;__Lib_MathDouble.c,111 :: 		
0x0192	0x860B      	BSF         R11, 3, 0
;__Lib_MathDouble.c,112 :: 		
0x0194	0x0EFF      	MOVLW       255
;__Lib_MathDouble.c,114 :: 		
L_end_SETFDZ32:
0x0196	0x0012      	RETURN      0
; end of _SETFDZ32
_SETIOV3224:
;__Lib_MathDouble.c,530 :: 		
;__Lib_MathDouble.c,537 :: 		
0x0198	0x800B      	BSF         R11, 0, 0
;__Lib_MathDouble.c,538 :: 		
0x019A	0xAE0B      	BTFSS       R11, 7, 0
;__Lib_MathDouble.c,539 :: 		
0x019C	0xF000EFD8  	GOTO        SETIOV3224EEE
;__Lib_MathDouble.c,541 :: 		
0x01A0	0x6A02      	CLRF        R2, 0
;__Lib_MathDouble.c,542 :: 		
0x01A2	0xAE0A      	BTFSS       R10, 7, 0
;__Lib_MathDouble.c,543 :: 		
0x01A4	0x0EFF      	MOVLW       255
;__Lib_MathDouble.c,544 :: 		
0x01A6	0x6E02      	MOVWF       R2, 0
;__Lib_MathDouble.c,545 :: 		
0x01A8	0x6E01      	MOVWF       R1, 0
;__Lib_MathDouble.c,546 :: 		
0x01AA	0x6E00      	MOVWF       R0, 0
;__Lib_MathDouble.c,547 :: 		
0x01AC	0x360A      	RLCF        R10, 1, 0
;__Lib_MathDouble.c,548 :: 		
0x01AE	0x3202      	RRCF        R2, 1, 0
;__Lib_MathDouble.c,549 :: 		
SETIOV3224EEE:
;__Lib_MathDouble.c,550 :: 		
0x01B0	0x0EFF      	MOVLW       255
;__Lib_MathDouble.c,552 :: 		
L_end_SETIOV3224:
0x01B2	0x0012      	RETURN      0
; end of _SETIOV3224
___CC2DW:
;__Lib_System.c,21 :: 		
;__Lib_System.c,23 :: 		
_CC2DL_Loop1:
;__Lib_System.c,24 :: 		
0x01B4	0x0009      	TBLRD*+
;__Lib_System.c,25 :: 		
0x01B6	0xFFE6CFF5  	MOVFF       TABLAT, POSTINC1
;__Lib_System.c,26 :: 		
0x01BA	0x0600      	DECF        R0, 1, 0
;__Lib_System.c,27 :: 		
0x01BC	0xE1FB      	BNZ         _CC2DL_Loop1
;__Lib_System.c,28 :: 		
0x01BE	0x0601      	DECF        R1, 1, 0
;__Lib_System.c,29 :: 		
0x01C0	0xE1F9      	BNZ         _CC2DL_Loop1
;__Lib_System.c,31 :: 		
L_end___CC2DW:
0x01C2	0x0012      	RETURN      0
; end of ___CC2DW
_ADC_Init:
;__Lib_ADC_A_D.c,13 :: 		
;__Lib_ADC_A_D.c,14 :: 		
0x01C4	0x0EFF      	MOVLW       _ADC_Get_Sample
0x01C6	0x6E2F      	MOVWF       _ADC_Get_Sample_Ptr 
0x01C8	0x0EFF      	MOVLW       hi_addr(_ADC_Get_Sample)
0x01CA	0x6E30      	MOVWF       _ADC_Get_Sample_Ptr+1 
0x01CC	0x0EFF      	MOVLW       FARG_ADC_Get_Sample_channel
0x01CE	0x6E31      	MOVWF       _ADC_Get_Sample_Ptr+2 
0x01D0	0x0EFF      	MOVLW       hi_addr(FARG_ADC_Get_Sample_channel)
0x01D2	0x6E32      	MOVWF       _ADC_Get_Sample_Ptr+3 
;__Lib_ADC_A_D.c,16 :: 		
0x01D4	0x6AC2      	CLRF        ADCON0 
;__Lib_ADC_A_D.c,17 :: 		
0x01D6	0x1C2D      	COMF        _vref_mask, 0 
0x01D8	0x6E00      	MOVWF       R0 
0x01DA	0x5000      	MOVF        R0, 0 
0x01DC	0x16C1      	ANDWF       ADCON1, 1 
;__Lib_ADC_A_D.c,18 :: 		
0x01DE	0x0E07      	MOVLW       7
0x01E0	0x12C0      	IORWF       ADCON2, 1 
;__Lib_ADC_A_D.c,19 :: 		
0x01E2	0x8EC0      	BSF         ADCON2, 7 
;__Lib_ADC_A_D.c,20 :: 		
0x01E4	0x80C2      	BSF         ADCON0, 0 
;__Lib_ADC_A_D.c,21 :: 		
L_end_ADC_Init:
0x01E6	0x0012      	RETURN      0
; end of _ADC_Init
_Lcd_Out:
;__Lib_Lcd.c,184 :: 		
;__Lib_Lcd.c,187 :: 		
0x01E8	0xD00F      	BRA         L_Lcd_Out11
;__Lib_Lcd.c,188 :: 		
L_Lcd_Out13:
0x01EA	0x0E80      	MOVLW       128
0x01EC	0x6E55      	MOVWF       FARG_Lcd_Out_row 
0x01EE	0xD019      	BRA         L_Lcd_Out12
;__Lib_Lcd.c,189 :: 		
L_Lcd_Out14:
0x01F0	0x0EC0      	MOVLW       192
0x01F2	0x6E55      	MOVWF       FARG_Lcd_Out_row 
0x01F4	0xD016      	BRA         L_Lcd_Out12
;__Lib_Lcd.c,190 :: 		
L_Lcd_Out15:
0x01F6	0x0E94      	MOVLW       148
0x01F8	0x6E55      	MOVWF       FARG_Lcd_Out_row 
0x01FA	0xD013      	BRA         L_Lcd_Out12
;__Lib_Lcd.c,191 :: 		
L_Lcd_Out16:
0x01FC	0x0ED4      	MOVLW       212
0x01FE	0x6E55      	MOVWF       FARG_Lcd_Out_row 
0x0200	0xD010      	BRA         L_Lcd_Out12
;__Lib_Lcd.c,192 :: 		
L_Lcd_Out17:
0x0202	0x0E80      	MOVLW       128
0x0204	0x6E55      	MOVWF       FARG_Lcd_Out_row 
;__Lib_Lcd.c,193 :: 		
0x0206	0xD00D      	BRA         L_Lcd_Out12
L_Lcd_Out11:
0x0208	0x5055      	MOVF        FARG_Lcd_Out_row, 0 
0x020A	0x0A01      	XORLW       1
0x020C	0xE0EE      	BZ          L_Lcd_Out13
0x020E	0x5055      	MOVF        FARG_Lcd_Out_row, 0 
0x0210	0x0A02      	XORLW       2
0x0212	0xE0EE      	BZ          L_Lcd_Out14
0x0214	0x5055      	MOVF        FARG_Lcd_Out_row, 0 
0x0216	0x0A03      	XORLW       3
0x0218	0xE0EE      	BZ          L_Lcd_Out15
0x021A	0x5055      	MOVF        FARG_Lcd_Out_row, 0 
0x021C	0x0A04      	XORLW       4
0x021E	0xE0EE      	BZ          L_Lcd_Out16
0x0220	0xD7F0      	BRA         L_Lcd_Out17
L_Lcd_Out12:
;__Lib_Lcd.c,194 :: 		
0x0222	0x0456      	DECF        FARG_Lcd_Out_column, 0 
0x0224	0x6E00      	MOVWF       R0 
0x0226	0x5055      	MOVF        FARG_Lcd_Out_row, 0 
0x0228	0x2600      	ADDWF       R0, 1 
0x022A	0xF055C000  	MOVFF       R0, FARG_Lcd_Out_row
;__Lib_Lcd.c,196 :: 		
0x022E	0xF05BC000  	MOVFF       R0, FARG_Lcd_Cmd_out_char
0x0232	0xDF18      	RCALL       _Lcd_Cmd
;__Lib_Lcd.c,197 :: 		
0x0234	0x902E      	BCF         __Lib_Lcd_cmd_status, BitPos(__Lib_Lcd_cmd_status+0) 
;__Lib_Lcd.c,198 :: 		
0x0236	0x6A59      	CLRF        Lcd_Out_i_L0 
;__Lib_Lcd.c,199 :: 		
L_Lcd_Out18:
0x0238	0x5059      	MOVF        Lcd_Out_i_L0, 0 
0x023A	0x2457      	ADDWF       FARG_Lcd_Out_text, 0 
0x023C	0x6EE9      	MOVWF       FSR0L 
0x023E	0x0E00      	MOVLW       0
0x0240	0x2058      	ADDWFC      FARG_Lcd_Out_text+1, 0 
0x0242	0x6EEA      	MOVWF       FSR0L+1 
0x0244	0x52EE      	MOVF        POSTINC0, 1 
0x0246	0xE00B      	BZ          L_Lcd_Out19
;__Lib_Lcd.c,200 :: 		
0x0248	0x5059      	MOVF        Lcd_Out_i_L0, 0 
0x024A	0x2457      	ADDWF       FARG_Lcd_Out_text, 0 
0x024C	0x6EE9      	MOVWF       FSR0L 
0x024E	0x0E00      	MOVLW       0
0x0250	0x2058      	ADDWFC      FARG_Lcd_Out_text+1, 0 
0x0252	0x6EEA      	MOVWF       FSR0L+1 
0x0254	0xF05ACFEE  	MOVFF       POSTINC0, FARG_Lcd_Chr_CP_out_char
0x0258	0xDF95      	RCALL       _Lcd_Chr_CP
0x025A	0x2A59      	INCF        Lcd_Out_i_L0, 1 
0x025C	0xD7ED      	BRA         L_Lcd_Out18
L_Lcd_Out19:
;__Lib_Lcd.c,201 :: 		
0x025E	0x802E      	BSF         __Lib_Lcd_cmd_status, BitPos(__Lib_Lcd_cmd_status+0) 
;__Lib_Lcd.c,202 :: 		
L_end_Lcd_Out:
0x0260	0x0012      	RETURN      0
; end of _Lcd_Out
_Lcd_Init:
;__Lib_Lcd.c,84 :: 		
;__Lib_Lcd.c,86 :: 		
0x0262	0x9A93      	BCF         LCD_EN_Direction, BitPos(LCD_EN_Direction+0) 
;__Lib_Lcd.c,87 :: 		
0x0264	0x9893      	BCF         LCD_RS_Direction, BitPos(LCD_RS_Direction+0) 
;__Lib_Lcd.c,88 :: 		
0x0266	0x9093      	BCF         LCD_D4_Direction, BitPos(LCD_D4_Direction+0) 
;__Lib_Lcd.c,89 :: 		
0x0268	0x9293      	BCF         LCD_D5_Direction, BitPos(LCD_D5_Direction+0) 
;__Lib_Lcd.c,90 :: 		
0x026A	0x9493      	BCF         LCD_D6_Direction, BitPos(LCD_D6_Direction+0) 
;__Lib_Lcd.c,91 :: 		
0x026C	0x9693      	BCF         LCD_D7_Direction, BitPos(LCD_D7_Direction+0) 
;__Lib_Lcd.c,93 :: 		
0x026E	0x9A8A      	BCF         LCD_EN, BitPos(LCD_EN+0) 
;__Lib_Lcd.c,94 :: 		
0x0270	0x988A      	BCF         LCD_RS, BitPos(LCD_RS+0) 
;__Lib_Lcd.c,95 :: 		
0x0272	0x968A      	BCF         LCD_D7, BitPos(LCD_D7+0) 
;__Lib_Lcd.c,96 :: 		
0x0274	0x948A      	BCF         LCD_D6, BitPos(LCD_D6+0) 
;__Lib_Lcd.c,97 :: 		
0x0276	0x928A      	BCF         LCD_D5, BitPos(LCD_D5+0) 
;__Lib_Lcd.c,98 :: 		
0x0278	0x908A      	BCF         LCD_D4, BitPos(LCD_D4+0) 
;__Lib_Lcd.c,100 :: 		
0x027A	0xDED8      	RCALL       _Delay_5500us
;__Lib_Lcd.c,101 :: 		
0x027C	0xDED7      	RCALL       _Delay_5500us
;__Lib_Lcd.c,102 :: 		
0x027E	0xDED6      	RCALL       _Delay_5500us
;__Lib_Lcd.c,105 :: 		
0x0280	0x828A      	BSF         LCD_D5, BitPos(LCD_D5+0) 
;__Lib_Lcd.c,106 :: 		
0x0282	0x808A      	BSF         LCD_D4, BitPos(LCD_D4+0) 
;__Lib_Lcd.c,107 :: 		
0x0284	0x8A8A      	BSF         LCD_EN, BitPos(LCD_EN+0) 
;__Lib_Lcd.c,108 :: 		
0x0286	0xDECA      	RCALL       _Delay_1us
;__Lib_Lcd.c,109 :: 		
0x0288	0x9A8A      	BCF         LCD_EN, BitPos(LCD_EN+0) 
;__Lib_Lcd.c,110 :: 		
0x028A	0xDED0      	RCALL       _Delay_5500us
;__Lib_Lcd.c,112 :: 		
0x028C	0x8A8A      	BSF         LCD_EN, BitPos(LCD_EN+0) 
;__Lib_Lcd.c,113 :: 		
0x028E	0xDEC6      	RCALL       _Delay_1us
;__Lib_Lcd.c,114 :: 		
0x0290	0x9A8A      	BCF         LCD_EN, BitPos(LCD_EN+0) 
;__Lib_Lcd.c,115 :: 		
0x0292	0xDECC      	RCALL       _Delay_5500us
;__Lib_Lcd.c,117 :: 		
0x0294	0x8A8A      	BSF         LCD_EN, BitPos(LCD_EN+0) 
;__Lib_Lcd.c,118 :: 		
0x0296	0xDEC2      	RCALL       _Delay_1us
;__Lib_Lcd.c,119 :: 		
0x0298	0x9A8A      	BCF         LCD_EN, BitPos(LCD_EN+0) 
;__Lib_Lcd.c,120 :: 		
0x029A	0xDEC8      	RCALL       _Delay_5500us
;__Lib_Lcd.c,123 :: 		
0x029C	0x908A      	BCF         LCD_D4, BitPos(LCD_D4+0) 
;__Lib_Lcd.c,124 :: 		
0x029E	0x8A8A      	BSF         LCD_EN, BitPos(LCD_EN+0) 
;__Lib_Lcd.c,125 :: 		
0x02A0	0xDEBD      	RCALL       _Delay_1us
;__Lib_Lcd.c,126 :: 		
0x02A2	0x9A8A      	BCF         LCD_EN, BitPos(LCD_EN+0) 
;__Lib_Lcd.c,127 :: 		
0x02A4	0xDEC3      	RCALL       _Delay_5500us
;__Lib_Lcd.c,130 :: 		
0x02A6	0x8A8A      	BSF         LCD_EN, BitPos(LCD_EN+0) 
;__Lib_Lcd.c,131 :: 		
0x02A8	0xDEB9      	RCALL       _Delay_1us
;__Lib_Lcd.c,132 :: 		
0x02AA	0x9A8A      	BCF         LCD_EN, BitPos(LCD_EN+0) 
;__Lib_Lcd.c,134 :: 		
0x02AC	0x928A      	BCF         LCD_D5, BitPos(LCD_D5+0) 
;__Lib_Lcd.c,135 :: 		
0x02AE	0x868A      	BSF         LCD_D7, BitPos(LCD_D7+0) 
;__Lib_Lcd.c,136 :: 		
0x02B0	0x8A8A      	BSF         LCD_EN, BitPos(LCD_EN+0) 
;__Lib_Lcd.c,137 :: 		
0x02B2	0xDEB4      	RCALL       _Delay_1us
;__Lib_Lcd.c,138 :: 		
0x02B4	0x9A8A      	BCF         LCD_EN, BitPos(LCD_EN+0) 
;__Lib_Lcd.c,139 :: 		
0x02B6	0xDEBA      	RCALL       _Delay_5500us
;__Lib_Lcd.c,142 :: 		
0x02B8	0x968A      	BCF         LCD_D7, BitPos(LCD_D7+0) 
;__Lib_Lcd.c,143 :: 		
0x02BA	0x808A      	BSF         LCD_D4, BitPos(LCD_D4+0) 
;__Lib_Lcd.c,144 :: 		
0x02BC	0x8A8A      	BSF         LCD_EN, BitPos(LCD_EN+0) 
;__Lib_Lcd.c,145 :: 		
0x02BE	0xDEAE      	RCALL       _Delay_1us
;__Lib_Lcd.c,146 :: 		
0x02C0	0x9A8A      	BCF         LCD_EN, BitPos(LCD_EN+0) 
;__Lib_Lcd.c,148 :: 		
0x02C2	0x908A      	BCF         LCD_D4, BitPos(LCD_D4+0) 
;__Lib_Lcd.c,149 :: 		
0x02C4	0x8A8A      	BSF         LCD_EN, BitPos(LCD_EN+0) 
;__Lib_Lcd.c,150 :: 		
0x02C6	0xDEAA      	RCALL       _Delay_1us
;__Lib_Lcd.c,151 :: 		
0x02C8	0x9A8A      	BCF         LCD_EN, BitPos(LCD_EN+0) 
;__Lib_Lcd.c,152 :: 		
0x02CA	0xDEB0      	RCALL       _Delay_5500us
;__Lib_Lcd.c,155 :: 		
0x02CC	0x8A8A      	BSF         LCD_EN, BitPos(LCD_EN+0) 
;__Lib_Lcd.c,156 :: 		
0x02CE	0xDEA6      	RCALL       _Delay_1us
;__Lib_Lcd.c,157 :: 		
0x02D0	0x9A8A      	BCF         LCD_EN, BitPos(LCD_EN+0) 
;__Lib_Lcd.c,159 :: 		
0x02D2	0x808A      	BSF         LCD_D4, BitPos(LCD_D4+0) 
;__Lib_Lcd.c,160 :: 		
0x02D4	0x8A8A      	BSF         LCD_EN, BitPos(LCD_EN+0) 
;__Lib_Lcd.c,161 :: 		
0x02D6	0xDEA2      	RCALL       _Delay_1us
;__Lib_Lcd.c,162 :: 		
0x02D8	0x9A8A      	BCF         LCD_EN, BitPos(LCD_EN+0) 
;__Lib_Lcd.c,163 :: 		
0x02DA	0xDEA8      	RCALL       _Delay_5500us
;__Lib_Lcd.c,166 :: 		
0x02DC	0x908A      	BCF         LCD_D4, BitPos(LCD_D4+0) 
;__Lib_Lcd.c,167 :: 		
0x02DE	0x8A8A      	BSF         LCD_EN, BitPos(LCD_EN+0) 
;__Lib_Lcd.c,168 :: 		
0x02E0	0xDE9D      	RCALL       _Delay_1us
;__Lib_Lcd.c,169 :: 		
0x02E2	0x9A8A      	BCF         LCD_EN, BitPos(LCD_EN+0) 
;__Lib_Lcd.c,171 :: 		
0x02E4	0x868A      	BSF         LCD_D7, BitPos(LCD_D7+0) 
;__Lib_Lcd.c,172 :: 		
0x02E6	0x848A      	BSF         LCD_D6, BitPos(LCD_D6+0) 
;__Lib_Lcd.c,173 :: 		
0x02E8	0x828A      	BSF         LCD_D5, BitPos(LCD_D5+0) 
;__Lib_Lcd.c,174 :: 		
0x02EA	0x808A      	BSF         LCD_D4, BitPos(LCD_D4+0) 
;__Lib_Lcd.c,175 :: 		
0x02EC	0x8A8A      	BSF         LCD_EN, BitPos(LCD_EN+0) 
;__Lib_Lcd.c,176 :: 		
0x02EE	0xDE96      	RCALL       _Delay_1us
;__Lib_Lcd.c,177 :: 		
0x02F0	0x9A8A      	BCF         LCD_EN, BitPos(LCD_EN+0) 
;__Lib_Lcd.c,179 :: 		
0x02F2	0xDE9C      	RCALL       _Delay_5500us
;__Lib_Lcd.c,181 :: 		
0x02F4	0x802E      	BSF         __Lib_Lcd_cmd_status, BitPos(__Lib_Lcd_cmd_status+0) 
;__Lib_Lcd.c,182 :: 		
L_end_Lcd_Init:
0x02F6	0x0012      	RETURN      0
; end of _Lcd_Init
_Mul_32x32_FP:
;__Lib_MathDouble.c,1130 :: 		
;__Lib_MathDouble.c,1148 :: 		
0x02F8	0x6A08      	CLRF        R8, 0
;__Lib_MathDouble.c,1149 :: 		
0x02FA	0x6A09      	CLRF        R9, 0
;__Lib_MathDouble.c,1151 :: 		
0x02FC	0x0E00      	MOVLW       0
;__Lib_MathDouble.c,1152 :: 		
0x02FE	0x6207      	CPFSEQ      R7, 0
;__Lib_MathDouble.c,1153 :: 		
0x0300	0x6403      	CPFSGT      R3, 0
;__Lib_MathDouble.c,1154 :: 		
0x0302	0xF002EF01  	GOTO        MULJPRES032
;__Lib_MathDouble.c,1157 :: 		
0x0306	0x5002      	MOVF        R2, 0, 0
;__Lib_MathDouble.c,1158 :: 		
0x0308	0x1806      	XORWF       R6, 0, 0
;__Lib_MathDouble.c,1159 :: 		
0x030A	0x6E0A      	MOVWF       R10, 0
;__Lib_MathDouble.c,1161 :: 		
0x030C	0x5007      	MOVF        R7, 0, 0
;__Lib_MathDouble.c,1162 :: 		
0x030E	0x2603      	ADDWF       R3, 1, 0
;__Lib_MathDouble.c,1163 :: 		
0x0310	0x0E7E      	MOVLW       126
;__Lib_MathDouble.c,1164 :: 		
0x0312	0xA0D8      	BTFSS       STATUS, 0, 0
;__Lib_MathDouble.c,1165 :: 		
0x0314	0xF001EF92  	GOTO        MTUN32
;__Lib_MathDouble.c,1167 :: 		
0x0318	0x5E03      	SUBWF       R3, 1, 0
;__Lib_MathDouble.c,1168 :: 		
0x031A	0xB0D8      	BTFSC       STATUS, 0, 0
;__Lib_MathDouble.c,1169 :: 		
0x031C	0xF002EF05  	GOTO        MULJPSETFOV32
;__Lib_MathDouble.c,1170 :: 		
0x0320	0xF001EF96  	GOTO        MOK32
;__Lib_MathDouble.c,1172 :: 		
MTUN32:
;__Lib_MathDouble.c,1173 :: 		
0x0324	0x5E03      	SUBWF       R3, 1, 0
;__Lib_MathDouble.c,1174 :: 		
0x0326	0xA0D8      	BTFSS       STATUS, 0, 0
;__Lib_MathDouble.c,1175 :: 		
0x0328	0xF002EF09  	GOTO        MULJPSETFUN32
;__Lib_MathDouble.c,1177 :: 		
MOK32:
;__Lib_MathDouble.c,1178 :: 		
0x032C	0x8E02      	BSF         R2, 7, 0
;__Lib_MathDouble.c,1179 :: 		
0x032E	0x8E06      	BSF         R6, 7, 0
;__Lib_MathDouble.c,1181 :: 		
0x0330	0xF00EC002  	MOVFF       R2, R14
;__Lib_MathDouble.c,1182 :: 		
0x0334	0xF00BC001  	MOVFF       R1, R11
;__Lib_MathDouble.c,1183 :: 		
0x0338	0xF00DC000  	MOVFF       R0, R13
;__Lib_MathDouble.c,1185 :: 		
0x033C	0x5000      	MOVF        R0, 0, 0
;__Lib_MathDouble.c,1186 :: 		
0x033E	0x0204      	MULWF       R4, 0
;__Lib_MathDouble.c,1187 :: 		
0x0340	0xF00CCFF4  	MOVFF       PRODH, R12
;__Lib_MathDouble.c,1189 :: 		
0x0344	0x5001      	MOVF        R1, 0, 0
;__Lib_MathDouble.c,1190 :: 		
0x0346	0x0205      	MULWF       R5, 0
;__Lib_MathDouble.c,1191 :: 		
0x0348	0xF000CFF4  	MOVFF       PRODH, R0
;__Lib_MathDouble.c,1192 :: 		
0x034C	0xF008CFF3  	MOVFF       PRODL, R8
;__Lib_MathDouble.c,1194 :: 		
0x0350	0x0204      	MULWF       R4, 0
;__Lib_MathDouble.c,1195 :: 		
0x0352	0x50F3      	MOVF        PRODL, 0, 0
;__Lib_MathDouble.c,1196 :: 		
0x0354	0x260C      	ADDWF       R12, 1, 0
;__Lib_MathDouble.c,1197 :: 		
0x0356	0x50F4      	MOVF        PRODH, 0, 0
;__Lib_MathDouble.c,1198 :: 		
0x0358	0x2208      	ADDWFC      R8, 1, 0
;__Lib_MathDouble.c,1199 :: 		
0x035A	0x0E00      	MOVLW       0
;__Lib_MathDouble.c,1200 :: 		
0x035C	0x2200      	ADDWFC      R0, 1, 0
;__Lib_MathDouble.c,1202 :: 		
0x035E	0x500D      	MOVF        R13, 0, 0
;__Lib_MathDouble.c,1203 :: 		
0x0360	0x0205      	MULWF       R5, 0
;__Lib_MathDouble.c,1204 :: 		
0x0362	0x50F3      	MOVF        PRODL, 0, 0
;__Lib_MathDouble.c,1205 :: 		
0x0364	0x260C      	ADDWF       R12, 1, 0
;__Lib_MathDouble.c,1206 :: 		
0x0366	0x50F4      	MOVF        PRODH, 0, 0
;__Lib_MathDouble.c,1207 :: 		
0x0368	0x2208      	ADDWFC      R8, 1, 0
;__Lib_MathDouble.c,1208 :: 		
0x036A	0x0E00      	MOVLW       0
;__Lib_MathDouble.c,1209 :: 		
0x036C	0x2200      	ADDWFC      R0, 1, 0
;__Lib_MathDouble.c,1211 :: 		
0x036E	0x5002      	MOVF        R2, 0, 0
;__Lib_MathDouble.c,1212 :: 		
0x0370	0x0204      	MULWF       R4, 0
;__Lib_MathDouble.c,1213 :: 		
0x0372	0x50F3      	MOVF        PRODL, 0, 0
;__Lib_MathDouble.c,1214 :: 		
0x0374	0x2608      	ADDWF       R8, 1, 0
;__Lib_MathDouble.c,1215 :: 		
0x0376	0x50F4      	MOVF        PRODH, 0, 0
;__Lib_MathDouble.c,1216 :: 		
0x0378	0x2200      	ADDWFC      R0, 1, 0
;__Lib_MathDouble.c,1217 :: 		
0x037A	0x5002      	MOVF        R2, 0, 0
;__Lib_MathDouble.c,1218 :: 		
0x037C	0x0205      	MULWF       R5, 0
;__Lib_MathDouble.c,1219 :: 		
0x037E	0x6A01      	CLRF        R1, 0
;__Lib_MathDouble.c,1220 :: 		
0x0380	0x0E00      	MOVLW       0
;__Lib_MathDouble.c,1221 :: 		
0x0382	0x2201      	ADDWFC      R1, 1, 0
;__Lib_MathDouble.c,1222 :: 		
0x0384	0x50F3      	MOVF        PRODL, 0, 0
;__Lib_MathDouble.c,1223 :: 		
0x0386	0x2600      	ADDWF       R0, 1, 0
;__Lib_MathDouble.c,1224 :: 		
0x0388	0x50F4      	MOVF        PRODH, 0, 0
;__Lib_MathDouble.c,1225 :: 		
0x038A	0x2201      	ADDWFC      R1, 1, 0
;__Lib_MathDouble.c,1227 :: 		
0x038C	0x500D      	MOVF        R13, 0, 0
;__Lib_MathDouble.c,1228 :: 		
0x038E	0x0206      	MULWF       R6, 0
;__Lib_MathDouble.c,1229 :: 		
0x0390	0x50F3      	MOVF        PRODL, 0, 0
;__Lib_MathDouble.c,1230 :: 		
0x0392	0x2608      	ADDWF       R8, 1, 0
;__Lib_MathDouble.c,1231 :: 		
0x0394	0x50F4      	MOVF        PRODH, 0, 0
;__Lib_MathDouble.c,1232 :: 		
0x0396	0x2200      	ADDWFC      R0, 1, 0
;__Lib_MathDouble.c,1233 :: 		
0x0398	0x6A02      	CLRF        R2, 0
;__Lib_MathDouble.c,1234 :: 		
0x039A	0x0E00      	MOVLW       0
;__Lib_MathDouble.c,1235 :: 		
0x039C	0x2201      	ADDWFC      R1, 1, 0
;__Lib_MathDouble.c,1236 :: 		
0x039E	0x2202      	ADDWFC      R2, 1, 0
;__Lib_MathDouble.c,1238 :: 		
0x03A0	0x500B      	MOVF        R11, 0, 0
;__Lib_MathDouble.c,1239 :: 		
0x03A2	0x0206      	MULWF       R6, 0
;__Lib_MathDouble.c,1240 :: 		
0x03A4	0x50F3      	MOVF        PRODL, 0, 0
;__Lib_MathDouble.c,1241 :: 		
0x03A6	0x2600      	ADDWF       R0, 1, 0
;__Lib_MathDouble.c,1242 :: 		
0x03A8	0x50F4      	MOVF        PRODH, 0, 0
;__Lib_MathDouble.c,1243 :: 		
0x03AA	0x2201      	ADDWFC      R1, 1, 0
;__Lib_MathDouble.c,1244 :: 		
0x03AC	0x0E00      	MOVLW       0
;__Lib_MathDouble.c,1245 :: 		
0x03AE	0x2202      	ADDWFC      R2, 1, 0
;__Lib_MathDouble.c,1247 :: 		
0x03B0	0x500E      	MOVF        R14, 0, 0
;__Lib_MathDouble.c,1248 :: 		
0x03B2	0x0206      	MULWF       R6, 0
;__Lib_MathDouble.c,1249 :: 		
0x03B4	0x50F3      	MOVF        PRODL, 0, 0
;__Lib_MathDouble.c,1250 :: 		
0x03B6	0x2601      	ADDWF       R1, 1, 0
;__Lib_MathDouble.c,1251 :: 		
0x03B8	0x50F4      	MOVF        PRODH, 0, 0
;__Lib_MathDouble.c,1252 :: 		
0x03BA	0x2202      	ADDWFC      R2, 1, 0
;__Lib_MathDouble.c,1254 :: 		
0x03BC	0xBE02      	BTFSC       R2, 7, 0
;__Lib_MathDouble.c,1255 :: 		
0x03BE	0xF001EFE9  	GOTO        MROUND32
;__Lib_MathDouble.c,1256 :: 		
0x03C2	0x3608      	RLCF        R8, 1, 0
;__Lib_MathDouble.c,1257 :: 		
0x03C4	0x3600      	RLCF        R0, 1, 0
;__Lib_MathDouble.c,1258 :: 		
0x03C6	0x3601      	RLCF        R1, 1, 0
;__Lib_MathDouble.c,1259 :: 		
0x03C8	0x3602      	RLCF        R2, 1, 0
;__Lib_MathDouble.c,1260 :: 		
0x03CA	0x0603      	DECF        R3, 1, 0
;__Lib_MathDouble.c,1261 :: 		
0x03CC	0xB4D8      	BTFSC       STATUS, 2, 0
;__Lib_MathDouble.c,1262 :: 		
0x03CE	0xF002EF09  	GOTO        MULJPSETFUN32
;__Lib_MathDouble.c,1264 :: 		
MROUND32:
;__Lib_MathDouble.c,1267 :: 		
0x03D2	0xF001EFFC  	GOTO        MUL32OK
;__Lib_MathDouble.c,1268 :: 		
0x03D6	0x80D8      	BSF         STATUS, 0, 0
;__Lib_MathDouble.c,1269 :: 		
0x03D8	0x0E80      	MOVLW       128
;__Lib_MathDouble.c,1270 :: 		
0x03DA	0x6408      	CPFSGT      R8, 0
;__Lib_MathDouble.c,1271 :: 		
0x03DC	0x3000      	RRCF        R0, 0, 0
;__Lib_MathDouble.c,1272 :: 		
0x03DE	0x0E00      	MOVLW       0
;__Lib_MathDouble.c,1273 :: 		
0x03E0	0x2200      	ADDWFC      R0, 1, 0
;__Lib_MathDouble.c,1274 :: 		
0x03E2	0x2201      	ADDWFC      R1, 1, 0
;__Lib_MathDouble.c,1275 :: 		
0x03E4	0x2202      	ADDWFC      R2, 1, 0
;__Lib_MathDouble.c,1277 :: 		
0x03E6	0xA0D8      	BTFSS       STATUS, 0, 0
;__Lib_MathDouble.c,1278 :: 		
0x03E8	0xF001EFFC  	GOTO        MUL32OK
;__Lib_MathDouble.c,1279 :: 		
0x03EC	0x3202      	RRCF        R2, 1, 0
;__Lib_MathDouble.c,1280 :: 		
0x03EE	0x3201      	RRCF        R1, 1, 0
;__Lib_MathDouble.c,1281 :: 		
0x03F0	0x3200      	RRCF        R0, 1, 0
;__Lib_MathDouble.c,1282 :: 		
0x03F2	0x4A03      	INFSNZ      R3, 1, 0
;__Lib_MathDouble.c,1283 :: 		
0x03F4	0xF002EF05  	GOTO        MULJPSETFOV32
;__Lib_MathDouble.c,1285 :: 		
MUL32OK:
;__Lib_MathDouble.c,1286 :: 		
0x03F8	0xAE0A      	BTFSS       R10, 7, 0
;__Lib_MathDouble.c,1287 :: 		
0x03FA	0x9E02      	BCF         R2, 7, 0
;__Lib_MathDouble.c,1289 :: 		
0x03FC	0x0E00      	MOVLW       0
;__Lib_MathDouble.c,1290 :: 		
0x03FE	0xF002EF0B  	GOTO        MULEEE
;__Lib_MathDouble.c,1291 :: 		
MULJPRES032:
;__Lib_MathDouble.c,1292 :: 		
0x0402	0x0E01      	MOVLW       1
;__Lib_MathDouble.c,1295 :: 		
0x0404	0xDE6D      	RCALL       _RES032
;__Lib_MathDouble.c,1297 :: 		
0x0406	0xF002EF0B  	GOTO        MULEEE
;__Lib_MathDouble.c,1298 :: 		
MULJPSETFOV32:
;__Lib_MathDouble.c,1299 :: 		
0x040A	0x0E02      	MOVLW       2
;__Lib_MathDouble.c,1302 :: 		
0x040C	0xDEAF      	RCALL       _SETFOV32
;__Lib_MathDouble.c,1304 :: 		
0x040E	0xF002EF0B  	GOTO        MULEEE
;__Lib_MathDouble.c,1305 :: 		
MULJPSETFUN32:
;__Lib_MathDouble.c,1306 :: 		
0x0412	0x0E04      	MOVLW       4
;__Lib_MathDouble.c,1309 :: 		
0x0414	0xDE16      	RCALL       _SETFUN32
;__Lib_MathDouble.c,1311 :: 		
MULEEE:
;__Lib_MathDouble.c,1318 :: 		
L_end_Mul_32x32_FP:
0x0416	0x0012      	RETURN      0
; end of _Mul_32x32_FP
_double2word:
;__Lib_MathDouble.c,2023 :: 		
;__Lib_MathDouble.c,2032 :: 		
0x0418	0x6A0B      	CLRF        R11, 0
;__Lib_MathDouble.c,2033 :: 		
0x041A	0x6A0C      	CLRF        R12, 0
;__Lib_MathDouble.c,2034 :: 		
0x041C	0x6A0A      	CLRF        R10, 0
;__Lib_MathDouble.c,2036 :: 		
0x041E	0x5003      	MOVF        R3, 0, 0
;__Lib_MathDouble.c,2037 :: 		
0x0420	0xB4D8      	BTFSC       STATUS, 2, 0
;__Lib_MathDouble.c,2038 :: 		
0x0422	0xF002EF56  	GOTO        IRES016U
;__Lib_MathDouble.c,2040 :: 		
0x0426	0x8E02      	BSF         R2, 7, 0
;__Lib_MathDouble.c,2042 :: 		
0x0428	0x0E8E      	MOVLW       142
;__Lib_MathDouble.c,2043 :: 		
0x042A	0x5E03      	SUBWF       R3, 1, 0
;__Lib_MathDouble.c,2044 :: 		
0x042C	0xBE03      	BTFSC       R3, 7, 0
;__Lib_MathDouble.c,2045 :: 		
0x042E	0xF002EF1E  	GOTO        SETEXP16U
;__Lib_MathDouble.c,2046 :: 		
0x0432	0xB4D8      	BTFSC       STATUS, 2, 0
;__Lib_MathDouble.c,2047 :: 		
0x0434	0xF002EF1E  	GOTO        SETEXP16U
;__Lib_MathDouble.c,2048 :: 		
0x0438	0xF002EF5A  	GOTO        SETIOV16U
;__Lib_MathDouble.c,2049 :: 		
SETEXP16U:
;__Lib_MathDouble.c,2050 :: 		
0x043C	0x6C03      	NEGF        R3, 0
;__Lib_MathDouble.c,2052 :: 		
0x043E	0x0E08      	MOVLW       8
;__Lib_MathDouble.c,2053 :: 		
0x0440	0x5C03      	SUBWF       R3, 0, 0
;__Lib_MathDouble.c,2054 :: 		
0x0442	0xA0D8      	BTFSS       STATUS, 0, 0
;__Lib_MathDouble.c,2055 :: 		
0x0444	0xF002EF35  	GOTO        TSHIFT3216U
;__Lib_MathDouble.c,2056 :: 		
0x0448	0x6E03      	MOVWF       R3, 0
;__Lib_MathDouble.c,2057 :: 		
0x044A	0x3601      	RLCF        R1, 1, 0
;__Lib_MathDouble.c,2058 :: 		
0x044C	0xF001C002  	MOVFF       R2, R1
;__Lib_MathDouble.c,2059 :: 		
0x0450	0x6A02      	CLRF        R2, 0
;__Lib_MathDouble.c,2061 :: 		
0x0452	0x0E08      	MOVLW       8
;__Lib_MathDouble.c,2062 :: 		
0x0454	0x5C03      	SUBWF       R3, 0, 0
;__Lib_MathDouble.c,2063 :: 		
0x0456	0xA0D8      	BTFSS       STATUS, 0, 0
;__Lib_MathDouble.c,2064 :: 		
0x0458	0xF002EF35  	GOTO        TSHIFT3216U
;__Lib_MathDouble.c,2065 :: 		
0x045C	0x3601      	RLCF        R1, 1, 0
;__Lib_MathDouble.c,2066 :: 		
0x045E	0x6A01      	CLRF        R1, 0
;__Lib_MathDouble.c,2068 :: 		
0x0460	0x5003      	MOVF        R3, 0, 0
;__Lib_MathDouble.c,2069 :: 		
0x0462	0xA4D8      	BTFSS       STATUS, 2, 0
;__Lib_MathDouble.c,2070 :: 		
0x0464	0x90D8      	BCF         STATUS, 0, 0
;__Lib_MathDouble.c,2071 :: 		
0x0466	0xF002EF3F  	GOTO        SHIFT3216UOK
;__Lib_MathDouble.c,2072 :: 		
TSHIFT3216U:
;__Lib_MathDouble.c,2073 :: 		
0x046A	0x5003      	MOVF        R3, 0, 0
;__Lib_MathDouble.c,2074 :: 		
0x046C	0xB4D8      	BTFSC       STATUS, 2, 0
;__Lib_MathDouble.c,2075 :: 		
0x046E	0xF002EF3F  	GOTO        SHIFT3216UOK
;__Lib_MathDouble.c,2076 :: 		
SHIFT3216U:
;__Lib_MathDouble.c,2077 :: 		
0x0472	0x90D8      	BCF         STATUS, 0, 0
;__Lib_MathDouble.c,2078 :: 		
0x0474	0x3202      	RRCF        R2, 1, 0
;__Lib_MathDouble.c,2079 :: 		
0x0476	0x3201      	RRCF        R1, 1, 0
;__Lib_MathDouble.c,2080 :: 		
0x0478	0x2E03      	DECFSZ      R3, 1, 0
;__Lib_MathDouble.c,2081 :: 		
0x047A	0xF002EF39  	GOTO        SHIFT3216U
;__Lib_MathDouble.c,2082 :: 		
SHIFT3216UOK:
;__Lib_MathDouble.c,2083 :: 		
0x047E	0xBC0B      	BTFSC       R11, 6, 0
;__Lib_MathDouble.c,2084 :: 		
0x0480	0xA001      	BTFSS       R1, 0, 0
;__Lib_MathDouble.c,2085 :: 		
0x0482	0xF002EF4C  	GOTO        INT3216UOK
;__Lib_MathDouble.c,2086 :: 		
0x0486	0xA0D8      	BTFSS       STATUS, 0, 0
;__Lib_MathDouble.c,2087 :: 		
0x0488	0xF002EF4C  	GOTO        INT3216UOK
;__Lib_MathDouble.c,2088 :: 		
0x048C	0x2A01      	INCF        R1, 1, 0
;__Lib_MathDouble.c,2089 :: 		
0x048E	0xB4D8      	BTFSC       STATUS, 2, 0
;__Lib_MathDouble.c,2090 :: 		
0x0490	0x2A02      	INCF        R2, 1, 0
;__Lib_MathDouble.c,2091 :: 		
0x0492	0xBE02      	BTFSC       R2, 7, 0
;__Lib_MathDouble.c,2092 :: 		
0x0494	0xF002EF69  	GOTO        JPKSETIOV3224
;__Lib_MathDouble.c,2093 :: 		
INT3216UOK:
;__Lib_MathDouble.c,2094 :: 		
0x0498	0xAE0A      	BTFSS       R10, 7, 0
;__Lib_MathDouble.c,2095 :: 		
0x049A	0xF002EF6E  	GOTO        INT3216UEOK
;__Lib_MathDouble.c,2097 :: 		
0x049E	0x1E02      	COMF        R2, 1, 0
;__Lib_MathDouble.c,2098 :: 		
0x04A0	0x1E01      	COMF        R1, 1, 0
;__Lib_MathDouble.c,2099 :: 		
0x04A2	0x2A01      	INCF        R1, 1, 0
;__Lib_MathDouble.c,2100 :: 		
0x04A4	0xB4D8      	BTFSC       STATUS, 2, 0
;__Lib_MathDouble.c,2101 :: 		
0x04A6	0x2A02      	INCF        R2, 1, 0
;__Lib_MathDouble.c,2102 :: 		
0x04A8	0xF002EF6E  	GOTO        INT3216UEOK
;__Lib_MathDouble.c,2104 :: 		
IRES016U:
;__Lib_MathDouble.c,2105 :: 		
0x04AC	0x6A02      	CLRF        R2, 0
;__Lib_MathDouble.c,2106 :: 		
0x04AE	0x6A01      	CLRF        R1, 0
;__Lib_MathDouble.c,2107 :: 		
0x04B0	0xF002EF6E  	GOTO        INT3216UEOK
;__Lib_MathDouble.c,2108 :: 		
SETIOV16U:
;__Lib_MathDouble.c,2109 :: 		
0x04B4	0x800B      	BSF         R11, 0, 0
;__Lib_MathDouble.c,2110 :: 		
0x04B6	0xAE0B      	BTFSS       R11, 7, 0
;__Lib_MathDouble.c,2111 :: 		
0x04B8	0xF002EF72  	GOTO        INT3216UEER
;__Lib_MathDouble.c,2113 :: 		
0x04BC	0x6A02      	CLRF        R2, 0
;__Lib_MathDouble.c,2114 :: 		
0x04BE	0xAE0A      	BTFSS       R10, 7, 0
;__Lib_MathDouble.c,2115 :: 		
0x04C0	0xF002EF72  	GOTO        INT3216UEER
;__Lib_MathDouble.c,2116 :: 		
0x04C4	0x0EFF      	MOVLW       255
;__Lib_MathDouble.c,2117 :: 		
0x04C6	0x6E02      	MOVWF       R2, 0
;__Lib_MathDouble.c,2118 :: 		
0x04C8	0x6E01      	MOVWF       R1, 0
;__Lib_MathDouble.c,2119 :: 		
0x04CA	0x360A      	RLCF        R10, 1, 0
;__Lib_MathDouble.c,2120 :: 		
0x04CC	0x3202      	RRCF        R2, 1, 0
;__Lib_MathDouble.c,2121 :: 		
0x04CE	0xF002EF72  	GOTO        INT3216UEER
;__Lib_MathDouble.c,2123 :: 		
JPKSETIOV3224:
;__Lib_MathDouble.c,2124 :: 		
0x04D2	0x0E01      	MOVLW       1
;__Lib_MathDouble.c,2125 :: 		
0x04D4	0x6E0C      	MOVWF       R12, 0
;__Lib_MathDouble.c,2127 :: 		
0x04D6	0xDE60      	RCALL       _SETIOV3224
;__Lib_MathDouble.c,2129 :: 		
0x04D8	0xF002EF74  	GOTO        INT3216UEEE
;__Lib_MathDouble.c,2130 :: 		
INT3216UEOK:
;__Lib_MathDouble.c,2131 :: 		
0x04DC	0x0E00      	MOVLW       0
;__Lib_MathDouble.c,2132 :: 		
0x04DE	0x6E0C      	MOVWF       R12, 0
;__Lib_MathDouble.c,2133 :: 		
0x04E0	0xF002EF74  	GOTO        INT3216UEEE
;__Lib_MathDouble.c,2134 :: 		
INT3216UEER:
;__Lib_MathDouble.c,2135 :: 		
0x04E4	0x0EFF      	MOVLW       255
;__Lib_MathDouble.c,2136 :: 		
0x04E6	0x6E0C      	MOVWF       R12, 0
;__Lib_MathDouble.c,2137 :: 		
INT3216UEEE:
;__Lib_MathDouble.c,2138 :: 		
0x04E8	0x5001      	MOVF        R1, 0, 0
;__Lib_MathDouble.c,2139 :: 		
0x04EA	0x6E00      	MOVWF       R0, 0
;__Lib_MathDouble.c,2140 :: 		
0x04EC	0x5002      	MOVF        R2, 0, 0
;__Lib_MathDouble.c,2141 :: 		
0x04EE	0x6E01      	MOVWF       R1, 0
;__Lib_MathDouble.c,2146 :: 		
L_end_double2word:
0x04F0	0x0012      	RETURN      0
; end of _double2word
_Div_16X16_U:
;__Lib_Math.c,102 :: 		
;__Lib_Math.c,109 :: 		
0x04F2	0x6A08      	CLRF        R8, 0
;__Lib_Math.c,110 :: 		
0x04F4	0x6A09      	CLRF        R9, 0
;__Lib_Math.c,111 :: 		
0x04F6	0x0E10      	MOVLW       16
;__Lib_Math.c,112 :: 		
0x04F8	0x6E0C      	MOVWF       R12, 0
;__Lib_Math.c,113 :: 		
0x04FA	0x3401      	RLCF        R1, 0, 0
;__Lib_Math.c,114 :: 		
0x04FC	0x3608      	RLCF        R8, 1, 0
;__Lib_Math.c,115 :: 		
0x04FE	0x3609      	RLCF        R9, 1, 0
;__Lib_Math.c,116 :: 		
0x0500	0x5004      	MOVF        R4, 0, 0
;__Lib_Math.c,117 :: 		
0x0502	0x5E08      	SUBWF       R8, 1, 0
;__Lib_Math.c,118 :: 		
0x0504	0x5005      	MOVF        R5, 0, 0
;__Lib_Math.c,119 :: 		
0x0506	0xA0D8      	BTFSS       STATUS, 0, 0
;__Lib_Math.c,120 :: 		
0x0508	0x3C05      	INCFSZ      R5, 0, 0
;__Lib_Math.c,121 :: 		
0x050A	0x5E09      	SUBWF       R9, 1, 0
;__Lib_Math.c,122 :: 		
0x050C	0xB0D8      	BTFSC       STATUS, 0, 0
;__Lib_Math.c,123 :: 		
0x050E	0xD007      	BRA         $+16
;__Lib_Math.c,124 :: 		
0x0510	0x5004      	MOVF        R4, 0, 0
;__Lib_Math.c,125 :: 		
0x0512	0x2608      	ADDWF       R8, 1, 0
;__Lib_Math.c,126 :: 		
0x0514	0x5005      	MOVF        R5, 0, 0
;__Lib_Math.c,127 :: 		
0x0516	0xB0D8      	BTFSC       STATUS, 0, 0
;__Lib_Math.c,128 :: 		
0x0518	0x3C05      	INCFSZ      R5, 0, 0
;__Lib_Math.c,129 :: 		
0x051A	0x2609      	ADDWF       R9, 1, 0
;__Lib_Math.c,130 :: 		
0x051C	0x90D8      	BCF         STATUS, 0, 0
;__Lib_Math.c,131 :: 		
0x051E	0x3600      	RLCF        R0, 1, 0
;__Lib_Math.c,132 :: 		
0x0520	0x3601      	RLCF        R1, 1, 0
;__Lib_Math.c,133 :: 		
0x0522	0x2E0C      	DECFSZ      R12, 1, 0
;__Lib_Math.c,134 :: 		
0x0524	0xD7EA      	BRA         $-42
;__Lib_Math.c,136 :: 		
L_end_Div_16X16_U:
0x0526	0x0012      	RETURN      0
; end of _Div_16X16_U
_word2double:
;__Lib_MathDouble.c,2335 :: 		
;__Lib_MathDouble.c,2344 :: 		
0x0528	0x5000      	MOVF        R0, 0, 0
;__Lib_MathDouble.c,2345 :: 		
0x052A	0x6E08      	MOVWF       R8, 0
;__Lib_MathDouble.c,2346 :: 		
0x052C	0x5001      	MOVF        R1, 0, 0
;__Lib_MathDouble.c,2347 :: 		
0x052E	0x6E00      	MOVWF       R0, 0
;__Lib_MathDouble.c,2348 :: 		
0x0530	0x6A01      	CLRF        R1, 0
;__Lib_MathDouble.c,2349 :: 		
0x0532	0x6A02      	CLRF        R2, 0
;__Lib_MathDouble.c,2350 :: 		
0x0534	0x6A03      	CLRF        R3, 0
;__Lib_MathDouble.c,2353 :: 		
0x0536	0x6A0B      	CLRF        R11, 0
;__Lib_MathDouble.c,2354 :: 		
0x0538	0x6A0C      	CLRF        R12, 0
;__Lib_MathDouble.c,2356 :: 		
0x053A	0x0E96      	MOVLW       150
;__Lib_MathDouble.c,2357 :: 		
0x053C	0x6E03      	MOVWF       R3, 0
;__Lib_MathDouble.c,2358 :: 		
0x053E	0x6A0A      	CLRF        R10, 0
;__Lib_MathDouble.c,2360 :: 		
0x0540	0xF001C000  	MOVFF       R0, R1
;__Lib_MathDouble.c,2361 :: 		
0x0544	0xF000C008  	MOVFF       R8, R0
;__Lib_MathDouble.c,2362 :: 		
0x0548	0x6A08      	CLRF        R8, 0
;__Lib_MathDouble.c,2363 :: 		
0x054A	0x6A02      	CLRF        R2, 0
;__Lib_MathDouble.c,2365 :: 		
0x054C	0xDDD6      	RCALL       _NRM3232
;__Lib_MathDouble.c,2366 :: 		
L_end_word2double:
0x054E	0x0012      	RETURN      0
; end of _word2double
_ADC_Read:
;__Lib_ADC_A_D.c,51 :: 		
;__Lib_ADC_A_D.c,54 :: 		
0x0550	0x6AC2      	CLRF        ADCON0 
;__Lib_ADC_A_D.c,55 :: 		
0x0552	0x1C2D      	COMF        _vref_mask, 0 
0x0554	0x6E00      	MOVWF       R0 
0x0556	0x5000      	MOVF        R0, 0 
0x0558	0x16C1      	ANDWF       ADCON1, 1 
;__Lib_ADC_A_D.c,56 :: 		
0x055A	0x0E07      	MOVLW       7
0x055C	0x12C0      	IORWF       ADCON2, 1 
;__Lib_ADC_A_D.c,57 :: 		
0x055E	0x8EC0      	BSF         ADCON2, 7 
;__Lib_ADC_A_D.c,58 :: 		
0x0560	0xF000C055  	MOVFF       FARG_ADC_Read_channel, R0
0x0564	0x3600      	RLCF        R0, 1 
0x0566	0x9000      	BCF         R0, 0 
0x0568	0x3600      	RLCF        R0, 1 
0x056A	0x9000      	BCF         R0, 0 
0x056C	0x5000      	MOVF        R0, 0 
0x056E	0x12C2      	IORWF       ADCON0, 1 
;__Lib_ADC_A_D.c,59 :: 		
0x0570	0x80C2      	BSF         ADCON0, 0 
;__Lib_ADC_A_D.c,60 :: 		
0x0572	0xDDBD      	RCALL       _Delay_22us
;__Lib_ADC_A_D.c,61 :: 		
0x0574	0x82C2      	BSF         ADCON0, 1 
;__Lib_ADC_A_D.c,62 :: 		
L_ADC_Read2:
0x0576	0xA2C2      	BTFSS       ADCON0, 1 
0x0578	0xD001      	BRA         L_ADC_Read3
;__Lib_ADC_A_D.c,63 :: 		
0x057A	0xD7FD      	BRA         L_ADC_Read2
L_ADC_Read3:
;__Lib_ADC_A_D.c,64 :: 		
0x057C	0xF001CFC4  	MOVFF       ADRESH, R1
0x0580	0x6A00      	CLRF        R0 
;__Lib_ADC_A_D.c,65 :: 		
0x0582	0x50C3      	MOVF        ADRESL, 0 
0x0584	0x1200      	IORWF       R0, 1 
0x0586	0x0E00      	MOVLW       0
0x0588	0x1201      	IORWF       R1, 1 
;__Lib_ADC_A_D.c,66 :: 		
0x058A	0x90C2      	BCF         ADCON0, 0 
;__Lib_ADC_A_D.c,68 :: 		
;__Lib_ADC_A_D.c,69 :: 		
L_end_ADC_Read:
0x058C	0x0012      	RETURN      0
; end of _ADC_Read
_int2double:
;__Lib_MathDouble.c,2285 :: 		
;__Lib_MathDouble.c,2294 :: 		
0x058E	0xF008C000  	MOVFF       R0, R8
;__Lib_MathDouble.c,2295 :: 		
0x0592	0x5001      	MOVF        R1, 0, 0
;__Lib_MathDouble.c,2296 :: 		
0x0594	0x6E00      	MOVWF       R0, 0
;__Lib_MathDouble.c,2297 :: 		
0x0596	0x6A01      	CLRF        R1, 0
;__Lib_MathDouble.c,2298 :: 		
0x0598	0x6A02      	CLRF        R2, 0
;__Lib_MathDouble.c,2299 :: 		
0x059A	0x6A03      	CLRF        R3, 0
;__Lib_MathDouble.c,2302 :: 		
0x059C	0x6A0B      	CLRF        R11, 0
;__Lib_MathDouble.c,2303 :: 		
0x059E	0x6A0C      	CLRF        R12, 0
;__Lib_MathDouble.c,2304 :: 		
0x05A0	0x6A01      	CLRF        R1, 0
;__Lib_MathDouble.c,2305 :: 		
0x05A2	0x6A02      	CLRF        R2, 0
;__Lib_MathDouble.c,2306 :: 		
0x05A4	0x6A03      	CLRF        R3, 0
;__Lib_MathDouble.c,2308 :: 		
0x05A6	0x0E96      	MOVLW       150
;__Lib_MathDouble.c,2309 :: 		
0x05A8	0x6E03      	MOVWF       R3, 0
;__Lib_MathDouble.c,2310 :: 		
0x05AA	0x6A0A      	CLRF        R10, 0
;__Lib_MathDouble.c,2311 :: 		
0x05AC	0xAE00      	BTFSS       R0, 7, 0
;__Lib_MathDouble.c,2312 :: 		
0x05AE	0xF002EFDF  	GOTO        FLO1632EEE
;__Lib_MathDouble.c,2314 :: 		
0x05B2	0x1E08      	COMF        R8, 1, 0
;__Lib_MathDouble.c,2315 :: 		
0x05B4	0x1E00      	COMF        R0, 1, 0
;__Lib_MathDouble.c,2317 :: 		
0x05B6	0x2A08      	INCF        R8, 1, 0
;__Lib_MathDouble.c,2318 :: 		
0x05B8	0xB4D8      	BTFSC       STATUS, 2, 0
;__Lib_MathDouble.c,2319 :: 		
0x05BA	0x2A00      	INCF        R0, 1, 0
;__Lib_MathDouble.c,2321 :: 		
0x05BC	0x8E0A      	BSF         R10, 7, 0
;__Lib_MathDouble.c,2322 :: 		
FLO1632EEE:
;__Lib_MathDouble.c,2323 :: 		
0x05BE	0xF001C000  	MOVFF       R0, R1
;__Lib_MathDouble.c,2324 :: 		
0x05C2	0xF000C008  	MOVFF       R8, R0
;__Lib_MathDouble.c,2325 :: 		
0x05C6	0x6A08      	CLRF        R8, 0
;__Lib_MathDouble.c,2326 :: 		
0x05C8	0x6A02      	CLRF        R2, 0
;__Lib_MathDouble.c,2328 :: 		
0x05CA	0xDD97      	RCALL       _NRM3232
;__Lib_MathDouble.c,2329 :: 		
L_end_int2double:
0x05CC	0x0012      	RETURN      0
; end of _int2double
_Div_32x32_FP:
;__Lib_MathDouble.c,1325 :: 		
;__Lib_MathDouble.c,1339 :: 		
0x05CE	0x5004      	MOVF        R4, 0 
0x05D0	0x0A00      	XORLW       0
0x05D2	0xE112      	BNZ         L_Div_32x32_FP11
;__Lib_MathDouble.c,1340 :: 		
0x05D4	0x5005      	MOVF        R5, 0 
0x05D6	0x0A00      	XORLW       0
0x05D8	0xE10F      	BNZ         L_Div_32x32_FP12
;__Lib_MathDouble.c,1341 :: 		
0x05DA	0x5006      	MOVF        R6, 0 
0x05DC	0x0A00      	XORLW       0
0x05DE	0xE10C      	BNZ         L_Div_32x32_FP13
;__Lib_MathDouble.c,1342 :: 		
0x05E0	0x5007      	MOVF        R7, 0 
0x05E2	0x0A00      	XORLW       0
0x05E4	0xE109      	BNZ         L_Div_32x32_FP14
;__Lib_MathDouble.c,1343 :: 		
0x05E6	0x0EFF      	MOVLW       255
0x05E8	0x6E00      	MOVWF       R0 
;__Lib_MathDouble.c,1344 :: 		
0x05EA	0x0EFF      	MOVLW       255
0x05EC	0x6E01      	MOVWF       R1 
;__Lib_MathDouble.c,1345 :: 		
0x05EE	0x0E7F      	MOVLW       127
0x05F0	0x6E02      	MOVWF       R2 
;__Lib_MathDouble.c,1346 :: 		
0x05F2	0x0EFF      	MOVLW       255
0x05F4	0x6E03      	MOVWF       R3 
;__Lib_MathDouble.c,1347 :: 		
0x05F6	0xD0A4      	BRA         L_end_Div_32x32_FP
;__Lib_MathDouble.c,1348 :: 		
L_Div_32x32_FP14:
L_Div_32x32_FP13:
L_Div_32x32_FP12:
L_Div_32x32_FP11:
;__Lib_MathDouble.c,1353 :: 		
0x05F8	0x6A08      	CLRF        R8, 0
;__Lib_MathDouble.c,1354 :: 		
0x05FA	0x6A09      	CLRF        R9, 0
;__Lib_MathDouble.c,1356 :: 		
0x05FC	0x5007      	MOVF        R7, 0, 0
;__Lib_MathDouble.c,1357 :: 		
0x05FE	0xB4D8      	BTFSC       STATUS, 2, 0
;__Lib_MathDouble.c,1358 :: 		
0x0600	0xF003EF92  	GOTO        JPDSETFDZ32
;__Lib_MathDouble.c,1360 :: 		
0x0604	0x5003      	MOVF        R3, 0, 0
;__Lib_MathDouble.c,1361 :: 		
0x0606	0xB4D8      	BTFSC       STATUS, 2, 0
;__Lib_MathDouble.c,1362 :: 		
0x0608	0xF003EF96  	GOTO        JPDRES032
;__Lib_MathDouble.c,1364 :: 		
0x060C	0x5002      	MOVF        R2, 0, 0
;__Lib_MathDouble.c,1365 :: 		
0x060E	0x1806      	XORWF       R6, 0, 0
;__Lib_MathDouble.c,1366 :: 		
0x0610	0x6E0A      	MOVWF       R10, 0
;__Lib_MathDouble.c,1367 :: 		
0x0612	0x8E02      	BSF         R2, 7, 0
;__Lib_MathDouble.c,1368 :: 		
0x0614	0x8E06      	BSF         R6, 7, 0
;__Lib_MathDouble.c,1370 :: 		
0x0616	0x6A0E      	CLRF        R14, 0
;__Lib_MathDouble.c,1371 :: 		
0x0618	0xF008C002  	MOVFF       R2, R8
;__Lib_MathDouble.c,1372 :: 		
0x061C	0xF00CC001  	MOVFF       R1, R12
;__Lib_MathDouble.c,1373 :: 		
0x0620	0xF00DC000  	MOVFF       R0, R13
;__Lib_MathDouble.c,1375 :: 		
0x0624	0x5004      	MOVF        R4, 0, 0
;__Lib_MathDouble.c,1376 :: 		
0x0626	0x5E0D      	SUBWF       R13, 1, 0
;__Lib_MathDouble.c,1377 :: 		
0x0628	0x5005      	MOVF        R5, 0, 0
;__Lib_MathDouble.c,1378 :: 		
0x062A	0xA0D8      	BTFSS       STATUS, 0, 0
;__Lib_MathDouble.c,1379 :: 		
0x062C	0x3C05      	INCFSZ      R5, 0, 0
;__Lib_MathDouble.c,1381 :: 		
0x062E	0x5E0C      	SUBWF       R12, 1, 0
;__Lib_MathDouble.c,1382 :: 		
0x0630	0x5006      	MOVF        R6, 0, 0
;__Lib_MathDouble.c,1383 :: 		
0x0632	0xA0D8      	BTFSS       STATUS, 0, 0
;__Lib_MathDouble.c,1384 :: 		
0x0634	0x3C06      	INCFSZ      R6, 0, 0
;__Lib_MathDouble.c,1386 :: 		
0x0636	0x5E08      	SUBWF       R8, 1, 0
;__Lib_MathDouble.c,1387 :: 		
0x0638	0x6A08      	CLRF        R8, 0
;__Lib_MathDouble.c,1388 :: 		
0x063A	0x6A0C      	CLRF        R12, 0
;__Lib_MathDouble.c,1389 :: 		
0x063C	0x6A0D      	CLRF        R13, 0
;__Lib_MathDouble.c,1390 :: 		
0x063E	0xA0D8      	BTFSS       STATUS, 0, 0
;__Lib_MathDouble.c,1391 :: 		
0x0640	0xF003EF29  	GOTO        DALIGN32OK
;__Lib_MathDouble.c,1393 :: 		
0x0644	0x90D8      	BCF         STATUS, 0, 0
;__Lib_MathDouble.c,1394 :: 		
0x0646	0x3202      	RRCF        R2, 1, 0
;__Lib_MathDouble.c,1395 :: 		
0x0648	0x3201      	RRCF        R1, 1, 0
;__Lib_MathDouble.c,1396 :: 		
0x064A	0x3200      	RRCF        R0, 1, 0
;__Lib_MathDouble.c,1397 :: 		
0x064C	0x3208      	RRCF        R8, 1, 0
;__Lib_MathDouble.c,1398 :: 		
0x064E	0x0E01      	MOVLW       1
;__Lib_MathDouble.c,1399 :: 		
0x0650	0x6E0E      	MOVWF       R14, 0
;__Lib_MathDouble.c,1400 :: 		
DALIGN32OK:
;__Lib_MathDouble.c,1401 :: 		
0x0652	0x5007      	MOVF        R7, 0, 0
;__Lib_MathDouble.c,1402 :: 		
0x0654	0x5E03      	SUBWF       R3, 1, 0
;__Lib_MathDouble.c,1403 :: 		
0x0656	0xA0D8      	BTFSS       STATUS, 0, 0
;__Lib_MathDouble.c,1404 :: 		
0x0658	0xF003EF36  	GOTO        ALTB32
;__Lib_MathDouble.c,1406 :: 		
0x065C	0x0E7E      	MOVLW       126
;__Lib_MathDouble.c,1407 :: 		
0x065E	0x240E      	ADDWF       R14, 0, 0
;__Lib_MathDouble.c,1408 :: 		
0x0660	0x2603      	ADDWF       R3, 1, 0
;__Lib_MathDouble.c,1409 :: 		
0x0662	0xB0D8      	BTFSC       STATUS, 0, 0
;__Lib_MathDouble.c,1410 :: 		
0x0664	0xF003EF9A  	GOTO        JPDSETFOV32
;__Lib_MathDouble.c,1411 :: 		
0x0668	0xF003EF3C  	GOTO        DARGOK32
;__Lib_MathDouble.c,1412 :: 		
ALTB32:
;__Lib_MathDouble.c,1413 :: 		
0x066C	0x0E7E      	MOVLW       126
;__Lib_MathDouble.c,1414 :: 		
0x066E	0x240E      	ADDWF       R14, 0, 0
;__Lib_MathDouble.c,1415 :: 		
0x0670	0x2603      	ADDWF       R3, 1, 0
;__Lib_MathDouble.c,1416 :: 		
0x0672	0xA0D8      	BTFSS       STATUS, 0, 0
;__Lib_MathDouble.c,1417 :: 		
0x0674	0xF003EF9E  	GOTO        JPDSETFUN32
;__Lib_MathDouble.c,1418 :: 		
DARGOK32:
;__Lib_MathDouble.c,1419 :: 		
0x0678	0x0E18      	MOVLW       24
;__Lib_MathDouble.c,1420 :: 		
0x067A	0x6E0B      	MOVWF       R11, 0
;__Lib_MathDouble.c,1421 :: 		
DLOOP32:
;__Lib_MathDouble.c,1422 :: 		
0x067C	0x360D      	RLCF        R13, 1, 0
;__Lib_MathDouble.c,1423 :: 		
0x067E	0x360C      	RLCF        R12, 1, 0
;__Lib_MathDouble.c,1424 :: 		
0x0680	0x3608      	RLCF        R8, 1, 0
;__Lib_MathDouble.c,1425 :: 		
0x0682	0x3600      	RLCF        R0, 1, 0
;__Lib_MathDouble.c,1426 :: 		
0x0684	0x3601      	RLCF        R1, 1, 0
;__Lib_MathDouble.c,1427 :: 		
0x0686	0x3602      	RLCF        R2, 1, 0
;__Lib_MathDouble.c,1428 :: 		
0x0688	0x360E      	RLCF        R14, 1, 0
;__Lib_MathDouble.c,1430 :: 		
0x068A	0x5004      	MOVF        R4, 0, 0
;__Lib_MathDouble.c,1431 :: 		
0x068C	0x5E00      	SUBWF       R0, 1, 0
;__Lib_MathDouble.c,1432 :: 		
0x068E	0x5005      	MOVF        R5, 0, 0
;__Lib_MathDouble.c,1433 :: 		
0x0690	0xA0D8      	BTFSS       STATUS, 0, 0
;__Lib_MathDouble.c,1434 :: 		
0x0692	0x3C05      	INCFSZ      R5, 0, 0
;__Lib_MathDouble.c,1436 :: 		
0x0694	0x5E01      	SUBWF       R1, 1, 0
;__Lib_MathDouble.c,1437 :: 		
0x0696	0x5006      	MOVF        R6, 0, 0
;__Lib_MathDouble.c,1438 :: 		
0x0698	0xA0D8      	BTFSS       STATUS, 0, 0
;__Lib_MathDouble.c,1439 :: 		
0x069A	0x3C06      	INCFSZ      R6, 0, 0
;__Lib_MathDouble.c,1441 :: 		
0x069C	0x5E02      	SUBWF       R2, 1, 0
;__Lib_MathDouble.c,1442 :: 		
0x069E	0x3406      	RLCF        R6, 0, 0
;__Lib_MathDouble.c,1443 :: 		
0x06A0	0x120E      	IORWF       R14, 1, 0
;__Lib_MathDouble.c,1444 :: 		
0x06A2	0xA00E      	BTFSS       R14, 0, 0
;__Lib_MathDouble.c,1445 :: 		
0x06A4	0xF003EF57  	GOTO        DREST32
;__Lib_MathDouble.c,1446 :: 		
0x06A8	0x800D      	BSF         R13, 0, 0
;__Lib_MathDouble.c,1447 :: 		
0x06AA	0xF003EF62  	GOTO        DOK32
;__Lib_MathDouble.c,1448 :: 		
DREST32:
;__Lib_MathDouble.c,1449 :: 		
0x06AE	0x5004      	MOVF        R4, 0, 0
;__Lib_MathDouble.c,1450 :: 		
0x06B0	0x2600      	ADDWF       R0, 1, 0
;__Lib_MathDouble.c,1451 :: 		
0x06B2	0x5005      	MOVF        R5, 0, 0
;__Lib_MathDouble.c,1452 :: 		
0x06B4	0xB0D8      	BTFSC       STATUS, 0, 0
;__Lib_MathDouble.c,1453 :: 		
0x06B6	0x3C05      	INCFSZ      R5, 0, 0
;__Lib_MathDouble.c,1455 :: 		
0x06B8	0x2601      	ADDWF       R1, 1, 0
;__Lib_MathDouble.c,1456 :: 		
0x06BA	0x5006      	MOVF        R6, 0, 0
;__Lib_MathDouble.c,1457 :: 		
0x06BC	0xB0D8      	BTFSC       STATUS, 0, 0
;__Lib_MathDouble.c,1458 :: 		
0x06BE	0x2806      	INCF        R6, 0, 0
;__Lib_MathDouble.c,1459 :: 		
0x06C0	0x2602      	ADDWF       R2, 1, 0
;__Lib_MathDouble.c,1460 :: 		
0x06C2	0x900D      	BCF         R13, 0, 0
;__Lib_MathDouble.c,1461 :: 		
DOK32:
;__Lib_MathDouble.c,1462 :: 		
0x06C4	0x2E0B      	DECFSZ      R11, 1, 0
;__Lib_MathDouble.c,1463 :: 		
0x06C6	0xF003EF3E  	GOTO        DLOOP32
;__Lib_MathDouble.c,1467 :: 		
0x06CA	0xF003EF88  	GOTO        DIV32OK
;__Lib_MathDouble.c,1468 :: 		
0x06CE	0x90D8      	BCF         STATUS, 0, 0
;__Lib_MathDouble.c,1469 :: 		
0x06D0	0x3600      	RLCF        R0, 1, 0
;__Lib_MathDouble.c,1470 :: 		
0x06D2	0x3601      	RLCF        R1, 1, 0
;__Lib_MathDouble.c,1471 :: 		
0x06D4	0x3602      	RLCF        R2, 1, 0
;__Lib_MathDouble.c,1472 :: 		
0x06D6	0x360E      	RLCF        R14, 1, 0
;__Lib_MathDouble.c,1474 :: 		
0x06D8	0x5004      	MOVF        R4, 0, 0
;__Lib_MathDouble.c,1475 :: 		
0x06DA	0x5E00      	SUBWF       R0, 1, 0
;__Lib_MathDouble.c,1476 :: 		
0x06DC	0x5005      	MOVF        R5, 0, 0
;__Lib_MathDouble.c,1477 :: 		
0x06DE	0xA0D8      	BTFSS       STATUS, 0, 0
;__Lib_MathDouble.c,1478 :: 		
0x06E0	0x3C05      	INCFSZ      R5, 0, 0
;__Lib_MathDouble.c,1479 :: 		
0x06E2	0x5E01      	SUBWF       R1, 1, 0
;__Lib_MathDouble.c,1480 :: 		
0x06E4	0x5006      	MOVF        R6, 0, 0
;__Lib_MathDouble.c,1481 :: 		
0x06E6	0xA0D8      	BTFSS       STATUS, 0, 0
;__Lib_MathDouble.c,1482 :: 		
0x06E8	0x3C06      	INCFSZ      R6, 0, 0
;__Lib_MathDouble.c,1483 :: 		
0x06EA	0x5E02      	SUBWF       R2, 1, 0
;__Lib_MathDouble.c,1484 :: 		
0x06EC	0x3406      	RLCF        R6, 0, 0
;__Lib_MathDouble.c,1485 :: 		
0x06EE	0x100E      	IORWF       R14, 0, 0
;__Lib_MathDouble.c,1486 :: 		
0x06F0	0x0B01      	ANDLW       1
;__Lib_MathDouble.c,1487 :: 		
0x06F2	0x260D      	ADDWF       R13, 1, 0
;__Lib_MathDouble.c,1488 :: 		
0x06F4	0xB0D8      	BTFSC       STATUS, 0, 0
;__Lib_MathDouble.c,1489 :: 		
0x06F6	0x2A0C      	INCF        R12, 1, 0
;__Lib_MathDouble.c,1490 :: 		
0x06F8	0xB4D8      	BTFSC       STATUS, 2, 0
;__Lib_MathDouble.c,1491 :: 		
0x06FA	0x2A08      	INCF        R8, 1, 0
;__Lib_MathDouble.c,1492 :: 		
0x06FC	0xA4D8      	BTFSS       STATUS, 2, 0
;__Lib_MathDouble.c,1493 :: 		
0x06FE	0xF003EF88  	GOTO        DIV32OK
;__Lib_MathDouble.c,1494 :: 		
0x0702	0x3208      	RRCF        R8, 1, 0
;__Lib_MathDouble.c,1495 :: 		
0x0704	0x320C      	RRCF        R12, 1, 0
;__Lib_MathDouble.c,1496 :: 		
0x0706	0x320D      	RRCF        R13, 1, 0
;__Lib_MathDouble.c,1497 :: 		
0x0708	0x2A03      	INCF        R3, 1, 0
;__Lib_MathDouble.c,1498 :: 		
0x070A	0xB4D8      	BTFSC       STATUS, 2, 0
;__Lib_MathDouble.c,1499 :: 		
0x070C	0xF003EF9A  	GOTO        JPDSETFOV32
;__Lib_MathDouble.c,1500 :: 		
DIV32OK:
;__Lib_MathDouble.c,1501 :: 		
0x0710	0xAE0A      	BTFSS       R10, 7, 0
;__Lib_MathDouble.c,1502 :: 		
0x0712	0x9E08      	BCF         R8, 7, 0
;__Lib_MathDouble.c,1503 :: 		
0x0714	0x5008      	MOVF        R8, 0, 0
;__Lib_MathDouble.c,1504 :: 		
0x0716	0x6E02      	MOVWF       R2, 0
;__Lib_MathDouble.c,1505 :: 		
0x0718	0x500C      	MOVF        R12, 0, 0
;__Lib_MathDouble.c,1506 :: 		
0x071A	0x6E01      	MOVWF       R1, 0
;__Lib_MathDouble.c,1507 :: 		
0x071C	0x500D      	MOVF        R13, 0, 0
;__Lib_MathDouble.c,1508 :: 		
0x071E	0x6E00      	MOVWF       R0, 0
;__Lib_MathDouble.c,1511 :: 		
0x0720	0xF003EFA0  	GOTO        DIV32EEE
;__Lib_MathDouble.c,1512 :: 		
JPDSETFDZ32:
;__Lib_MathDouble.c,1513 :: 		
0x0724	0x0E01      	MOVLW       1
;__Lib_MathDouble.c,1516 :: 		
0x0726	0xDD34      	RCALL       _SETFDZ32
;__Lib_MathDouble.c,1518 :: 		
0x0728	0xF003EFA0  	GOTO        DIV32EEE
;__Lib_MathDouble.c,1519 :: 		
JPDRES032:
;__Lib_MathDouble.c,1520 :: 		
0x072C	0x0E02      	MOVLW       2
;__Lib_MathDouble.c,1523 :: 		
0x072E	0xDCD8      	RCALL       _RES032
;__Lib_MathDouble.c,1525 :: 		
0x0730	0xF003EFA0  	GOTO        DIV32EEE
;__Lib_MathDouble.c,1526 :: 		
JPDSETFOV32:
;__Lib_MathDouble.c,1527 :: 		
0x0734	0x0E04      	MOVLW       4
;__Lib_MathDouble.c,1530 :: 		
0x0736	0xDD1A      	RCALL       _SETFOV32
;__Lib_MathDouble.c,1532 :: 		
0x0738	0xF003EFA0  	GOTO        DIV32EEE
;__Lib_MathDouble.c,1533 :: 		
JPDSETFUN32:
;__Lib_MathDouble.c,1534 :: 		
0x073C	0x0E08      	MOVLW       8
;__Lib_MathDouble.c,1537 :: 		
0x073E	0xDC81      	RCALL       _SETFUN32
;__Lib_MathDouble.c,1539 :: 		
DIV32EEE:
;__Lib_MathDouble.c,1547 :: 		
L_end_Div_32x32_FP:
0x0740	0x0012      	RETURN      0
; end of _Div_32x32_FP
_main:
0x0742	0xF004ECD6  	CALL        2476, 0
;MyProject3.c,48 :: 		void main(){
;MyProject3.c,49 :: 		unsigned int V_ADC = 0;  // var. para leitura da Tensao
0x0746	0x6A47      	CLRF        main_V_ADC_L0 
0x0748	0x6A48      	CLRF        main_V_ADC_L0+1 
0x074A	0x0EF4      	MOVLW       244
0x074C	0x6E49      	MOVWF       main_V_max_L0 
0x074E	0x0E01      	MOVLW       1
0x0750	0x6E4A      	MOVWF       main_V_max_L0+1 
0x0752	0x0EE7      	MOVLW       231
0x0754	0x6E4B      	MOVWF       main_T_max_L0 
0x0756	0x0E03      	MOVLW       3
0x0758	0x6E4C      	MOVWF       main_T_max_L0+1 
;MyProject3.c,65 :: 		TRISA.RA2 = 1;
0x075A	0x8492      	BSF         TRISA, 2 
;MyProject3.c,66 :: 		TRISA.RA3 = 1;
0x075C	0x8692      	BSF         TRISA, 3 
;MyProject3.c,67 :: 		ADCON1 = 0B00001011; //Configura RA0/AN0 e AN1 como ADC no PIC18F4450
0x075E	0x0E0B      	MOVLW       11
0x0760	0x6EC1      	MOVWF       ADCON1 
;MyProject3.c,68 :: 		ADC_Init();
0x0762	0xDD30      	RCALL       _ADC_Init
;MyProject3.c,72 :: 		Lcd_Init();                 // Inicializa a lib. Lcd
0x0764	0xDD7E      	RCALL       _Lcd_Init
;MyProject3.c,73 :: 		Lcd_Cmd(_LCD_CLEAR);       // Clear display
0x0766	0x0E01      	MOVLW       1
0x0768	0x6E5B      	MOVWF       FARG_Lcd_Cmd_out_char 
0x076A	0xDC7C      	RCALL       _Lcd_Cmd
;MyProject3.c,74 :: 		Lcd_Cmd(_LCD_CURSOR_OFF);  // Cursor off
0x076C	0x0E0C      	MOVLW       12
0x076E	0x6E5B      	MOVWF       FARG_Lcd_Cmd_out_char 
0x0770	0xDC79      	RCALL       _Lcd_Cmd
;MyProject3.c,75 :: 		Lcd_Out(1, 6, " V         ");
0x0772	0x0E01      	MOVLW       1
0x0774	0x6E55      	MOVWF       FARG_Lcd_Out_row 
0x0776	0x0E06      	MOVLW       6
0x0778	0x6E56      	MOVWF       FARG_Lcd_Out_column 
0x077A	0x0E21      	MOVLW       ?lstr1_MyProject3
0x077C	0x6E57      	MOVWF       FARG_Lcd_Out_text 
0x077E	0x0E00      	MOVLW       hi_addr(?lstr1_MyProject3)
0x0780	0x6E58      	MOVWF       FARG_Lcd_Out_text+1 
0x0782	0xDD32      	RCALL       _Lcd_Out
;MyProject3.c,76 :: 		Lcd_Out(2, 6, " C         ");
0x0784	0x0E02      	MOVLW       2
0x0786	0x6E55      	MOVWF       FARG_Lcd_Out_row 
0x0788	0x0E06      	MOVLW       6
0x078A	0x6E56      	MOVWF       FARG_Lcd_Out_column 
0x078C	0x0E15      	MOVLW       ?lstr2_MyProject3
0x078E	0x6E57      	MOVWF       FARG_Lcd_Out_text 
0x0790	0x0E00      	MOVLW       hi_addr(?lstr2_MyProject3)
0x0792	0x6E58      	MOVWF       FARG_Lcd_Out_text+1 
0x0794	0xDD29      	RCALL       _Lcd_Out
;MyProject3.c,78 :: 		while(TRUE)
L_main0:
;MyProject3.c,81 :: 		V_ADC = ADC_Read(2); // fun??o da biblioteca ADC do compilador para
0x0796	0x0E02      	MOVLW       2
0x0798	0x6E55      	MOVWF       FARG_ADC_Read_channel 
0x079A	0xDEDA      	RCALL       _ADC_Read
0x079C	0xF047C000  	MOVFF       R0, main_V_ADC_L0
0x07A0	0xF048C001  	MOVFF       R1, main_V_ADC_L0+1
;MyProject3.c,82 :: 		T_ADC = ADC_Read(3); //leitura dos valores de 0 a 1023 (10 bits)  - ex.:  valor_ADC = 1023;
0x07A4	0x0E03      	MOVLW       3
0x07A6	0x6E55      	MOVWF       FARG_ADC_Read_channel 
0x07A8	0xDED3      	RCALL       _ADC_Read
0x07AA	0xF053C000  	MOVFF       R0, FLOC__main+6
0x07AE	0xF054C001  	MOVFF       R1, FLOC__main+7
0x07B2	0xF000C049  	MOVFF       main_V_max_L0, R0
0x07B6	0xF001C04A  	MOVFF       main_V_max_L0+1, R1
0x07BA	0xDEE9      	RCALL       _int2double
;MyProject3.c,91 :: 		V_ADC = V_ADC * (V_max/1023.); // formata o valor de entrada (neste caso o valor de exemplo '1234')
0x07BC	0x0E00      	MOVLW       0
0x07BE	0x6E04      	MOVWF       R4 
0x07C0	0x0EC0      	MOVLW       192
0x07C2	0x6E05      	MOVWF       R5 
0x07C4	0x0E7F      	MOVLW       127
0x07C6	0x6E06      	MOVWF       R6 
0x07C8	0x0E88      	MOVLW       136
0x07CA	0x6E07      	MOVWF       R7 
0x07CC	0xDF00      	RCALL       _Div_32x32_FP
0x07CE	0xF04DC000  	MOVFF       R0, FLOC__main
0x07D2	0xF04EC001  	MOVFF       R1, FLOC__main+1
0x07D6	0xF04FC002  	MOVFF       R2, FLOC__main+2
0x07DA	0xF050C003  	MOVFF       R3, FLOC__main+3
0x07DE	0xF000C047  	MOVFF       main_V_ADC_L0, R0
0x07E2	0xF001C048  	MOVFF       main_V_ADC_L0+1, R1
0x07E6	0xDEA0      	RCALL       _word2double
0x07E8	0xF004C04D  	MOVFF       FLOC__main, R4
0x07EC	0xF005C04E  	MOVFF       FLOC__main+1, R5
0x07F0	0xF006C04F  	MOVFF       FLOC__main+2, R6
0x07F4	0xF007C050  	MOVFF       FLOC__main+3, R7
0x07F8	0xDD7F      	RCALL       _Mul_32x32_FP
0x07FA	0xDE0E      	RCALL       _double2word
0x07FC	0xF051C000  	MOVFF       R0, FLOC__main+4
0x0800	0xF052C001  	MOVFF       R1, FLOC__main+5
0x0804	0xF047C051  	MOVFF       FLOC__main+4, main_V_ADC_L0
0x0808	0xF048C052  	MOVFF       FLOC__main+5, main_V_ADC_L0+1
;MyProject3.c,92 :: 		T_ADC = T_ADC * (T_max/1023.); // para 0 a 1023 -> com ponto no final para n? float,i.e.,o display mostrar?: '12.34'
0x080C	0xF000C04B  	MOVFF       main_T_max_L0, R0
0x0810	0xF001C04C  	MOVFF       main_T_max_L0+1, R1
0x0814	0xDEBC      	RCALL       _int2double
0x0816	0x0E00      	MOVLW       0
0x0818	0x6E04      	MOVWF       R4 
0x081A	0x0EC0      	MOVLW       192
0x081C	0x6E05      	MOVWF       R5 
0x081E	0x0E7F      	MOVLW       127
0x0820	0x6E06      	MOVWF       R6 
0x0822	0x0E88      	MOVLW       136
0x0824	0x6E07      	MOVWF       R7 
0x0826	0xDED3      	RCALL       _Div_32x32_FP
0x0828	0xF04DC000  	MOVFF       R0, FLOC__main
0x082C	0xF04EC001  	MOVFF       R1, FLOC__main+1
0x0830	0xF04FC002  	MOVFF       R2, FLOC__main+2
0x0834	0xF050C003  	MOVFF       R3, FLOC__main+3
0x0838	0xF000C053  	MOVFF       FLOC__main+6, R0
0x083C	0xF001C054  	MOVFF       FLOC__main+7, R1
0x0840	0xDE73      	RCALL       _word2double
0x0842	0xF004C04D  	MOVFF       FLOC__main, R4
0x0846	0xF005C04E  	MOVFF       FLOC__main+1, R5
0x084A	0xF006C04F  	MOVFF       FLOC__main+2, R6
0x084E	0xF007C050  	MOVFF       FLOC__main+3, R7
0x0852	0xDD52      	RCALL       _Mul_32x32_FP
0x0854	0xDDE1      	RCALL       _double2word
0x0856	0xF04DC000  	MOVFF       R0, FLOC__main
0x085A	0xF04EC001  	MOVFF       R1, FLOC__main+1
0x085E	0x0E64      	MOVLW       100
0x0860	0x6E04      	MOVWF       R4 
0x0862	0x0E00      	MOVLW       0
0x0864	0x6E05      	MOVWF       R5 
0x0866	0xF000C051  	MOVFF       FLOC__main+4, R0
0x086A	0xF001C052  	MOVFF       FLOC__main+5, R1
0x086E	0xDE41      	RCALL       _Div_16X16_U
;MyProject3.c,98 :: 		Tensao[0] = (V_ADC/100)%10 + '0'; // div. de n? inteiros => 1234/100 = 12
0x0870	0x0E0A      	MOVLW       10
0x0872	0x6E04      	MOVWF       R4 
0x0874	0x0E00      	MOVLW       0
0x0876	0x6E05      	MOVWF       R5 
0x0878	0xDE3C      	RCALL       _Div_16X16_U
0x087A	0xF000C008  	MOVFF       R8, R0
0x087E	0xF001C009  	MOVFF       R9, R1
0x0882	0x0E30      	MOVLW       48
0x0884	0x2600      	ADDWF       R0, 1 
0x0886	0xF033C000  	MOVFF       R0, main_Tensao_L0
;MyProject3.c,102 :: 		Tensao[1] = '.';    //3? valor corresponde ao ponto - ex. 12.34
0x088A	0x0E2E      	MOVLW       46
0x088C	0x6E34      	MOVWF       main_Tensao_L0+1 
;MyProject3.c,104 :: 		Tensao[2] = (V_ADC/10)%10 + '0'; // 4? valor ? a 1?casa decimal, portanto:
0x088E	0x0E0A      	MOVLW       10
0x0890	0x6E04      	MOVWF       R4 
0x0892	0x0E00      	MOVLW       0
0x0894	0x6E05      	MOVWF       R5 
0x0896	0xF000C051  	MOVFF       FLOC__main+4, R0
0x089A	0xF001C052  	MOVFF       FLOC__main+5, R1
0x089E	0xDE29      	RCALL       _Div_16X16_U
0x08A0	0x0E0A      	MOVLW       10
0x08A2	0x6E04      	MOVWF       R4 
0x08A4	0x0E00      	MOVLW       0
0x08A6	0x6E05      	MOVWF       R5 
0x08A8	0xDE24      	RCALL       _Div_16X16_U
0x08AA	0xF000C008  	MOVFF       R8, R0
0x08AE	0xF001C009  	MOVFF       R9, R1
0x08B2	0x0E30      	MOVLW       48
0x08B4	0x2400      	ADDWF       R0, 0 
0x08B6	0x6E35      	MOVWF       main_Tensao_L0+2 
;MyProject3.c,106 :: 		Tensao[3] = (V_ADC/1)%10 + '0';  // formata o valor da 2? casa decimal
0x08B8	0x0E0A      	MOVLW       10
0x08BA	0x6E04      	MOVWF       R4 
0x08BC	0x0E00      	MOVLW       0
0x08BE	0x6E05      	MOVWF       R5 
0x08C0	0xF000C051  	MOVFF       FLOC__main+4, R0
0x08C4	0xF001C052  	MOVFF       FLOC__main+5, R1
0x08C8	0xDE14      	RCALL       _Div_16X16_U
0x08CA	0xF000C008  	MOVFF       R8, R0
0x08CE	0xF001C009  	MOVFF       R9, R1
0x08D2	0x0E30      	MOVLW       48
0x08D4	0x2400      	ADDWF       R0, 0 
0x08D6	0x6E36      	MOVWF       main_Tensao_L0+3 
;MyProject3.c,108 :: 		Tensao[4] = 0; //terminador NULL (ultima posi??o da matriz - zero indica o
0x08D8	0x6A37      	CLRF        main_Tensao_L0+4 
;MyProject3.c,118 :: 		Temp[0] = (T_ADC/100)%10 + '0';
0x08DA	0x0E64      	MOVLW       100
0x08DC	0x6E04      	MOVWF       R4 
0x08DE	0x0E00      	MOVLW       0
0x08E0	0x6E05      	MOVWF       R5 
0x08E2	0xF000C04D  	MOVFF       FLOC__main, R0
0x08E6	0xF001C04E  	MOVFF       FLOC__main+1, R1
0x08EA	0xDE03      	RCALL       _Div_16X16_U
0x08EC	0x0E0A      	MOVLW       10
0x08EE	0x6E04      	MOVWF       R4 
0x08F0	0x0E00      	MOVLW       0
0x08F2	0x6E05      	MOVWF       R5 
0x08F4	0xDDFE      	RCALL       _Div_16X16_U
0x08F6	0xF000C008  	MOVFF       R8, R0
0x08FA	0xF001C009  	MOVFF       R9, R1
0x08FE	0x0E30      	MOVLW       48
0x0900	0x2600      	ADDWF       R0, 1 
0x0902	0xF03DC000  	MOVFF       R0, main_Temp_L0
;MyProject3.c,119 :: 		Temp[1] = (T_ADC/10)%10 + '0';
0x0906	0x0E0A      	MOVLW       10
0x0908	0x6E04      	MOVWF       R4 
0x090A	0x0E00      	MOVLW       0
0x090C	0x6E05      	MOVWF       R5 
0x090E	0xF000C04D  	MOVFF       FLOC__main, R0
0x0912	0xF001C04E  	MOVFF       FLOC__main+1, R1
0x0916	0xDDED      	RCALL       _Div_16X16_U
0x0918	0x0E0A      	MOVLW       10
0x091A	0x6E04      	MOVWF       R4 
0x091C	0x0E00      	MOVLW       0
0x091E	0x6E05      	MOVWF       R5 
0x0920	0xDDE8      	RCALL       _Div_16X16_U
0x0922	0xF000C008  	MOVFF       R8, R0
0x0926	0xF001C009  	MOVFF       R9, R1
0x092A	0x0E30      	MOVLW       48
0x092C	0x2400      	ADDWF       R0, 0 
0x092E	0x6E3E      	MOVWF       main_Temp_L0+1 
;MyProject3.c,120 :: 		Temp[2] = '.';
0x0930	0x0E2E      	MOVLW       46
0x0932	0x6E3F      	MOVWF       main_Temp_L0+2 
;MyProject3.c,121 :: 		Temp[3] = (T_ADC/1)%10 + '0';
0x0934	0x0E0A      	MOVLW       10
0x0936	0x6E04      	MOVWF       R4 
0x0938	0x0E00      	MOVLW       0
0x093A	0x6E05      	MOVWF       R5 
0x093C	0xF000C04D  	MOVFF       FLOC__main, R0
0x0940	0xF001C04E  	MOVFF       FLOC__main+1, R1
0x0944	0xDDD6      	RCALL       _Div_16X16_U
0x0946	0xF000C008  	MOVFF       R8, R0
0x094A	0xF001C009  	MOVFF       R9, R1
0x094E	0x0E30      	MOVLW       48
0x0950	0x2400      	ADDWF       R0, 0 
0x0952	0x6E40      	MOVWF       main_Temp_L0+3 
;MyProject3.c,122 :: 		Temp[4] = 0;
0x0954	0x6A41      	CLRF        main_Temp_L0+4 
;MyProject3.c,126 :: 		Lcd_Out(1, 1, Tensao); // Mostra os valores no display
0x0956	0x0E01      	MOVLW       1
0x0958	0x6E55      	MOVWF       FARG_Lcd_Out_row 
0x095A	0x0E01      	MOVLW       1
0x095C	0x6E56      	MOVWF       FARG_Lcd_Out_column 
0x095E	0x0E33      	MOVLW       main_Tensao_L0
0x0960	0x6E57      	MOVWF       FARG_Lcd_Out_text 
0x0962	0x0E00      	MOVLW       hi_addr(main_Tensao_L0)
0x0964	0x6E58      	MOVWF       FARG_Lcd_Out_text+1 
0x0966	0xDC40      	RCALL       _Lcd_Out
;MyProject3.c,127 :: 		Lcd_Out(2, 1, Temp);
0x0968	0x0E02      	MOVLW       2
0x096A	0x6E55      	MOVWF       FARG_Lcd_Out_row 
0x096C	0x0E01      	MOVLW       1
0x096E	0x6E56      	MOVWF       FARG_Lcd_Out_column 
0x0970	0x0E3D      	MOVLW       main_Temp_L0
0x0972	0x6E57      	MOVWF       FARG_Lcd_Out_text 
0x0974	0x0E00      	MOVLW       hi_addr(main_Temp_L0)
0x0976	0x6E58      	MOVWF       FARG_Lcd_Out_text+1 
0x0978	0xDC37      	RCALL       _Lcd_Out
;MyProject3.c,128 :: 		Delay_ms(20);   // atualizar display
0x097A	0x0E34      	MOVLW       52
0x097C	0x6E0C      	MOVWF       R12, 0
0x097E	0x0EF1      	MOVLW       241
0x0980	0x6E0D      	MOVWF       R13, 0
L_main2:
0x0982	0x2E0D      	DECFSZ      R13, 1, 0
0x0984	0xD7FE      	BRA         L_main2
0x0986	0x2E0C      	DECFSZ      R12, 1, 0
0x0988	0xD7FC      	BRA         L_main2
0x098A	0x0000      	NOP
0x098C	0x0000      	NOP
;MyProject3.c,129 :: 		}
0x098E	0xD703      	BRA         L_main0
;MyProject3.c,130 :: 		}
L_end_main:
0x0990	0xD7FF      	BRA         $+0
; end of _main
0x09AC	0xF015EE10  	LFSR        1, 21
0x09B0	0x0E19      	MOVLW       25
0x09B2	0x6E00      	MOVWF       R0 
0x09B4	0x0E01      	MOVLW       1
0x09B6	0x6E01      	MOVWF       R1 
0x09B8	0x0E92      	MOVLW       146
0x09BA	0x6EF6      	MOVWF       4086 
0x09BC	0x0E09      	MOVLW       9
0x09BE	0x6EF7      	MOVWF       TBLPTRH 
0x09C0	0x0E00      	MOVLW       0
0x09C2	0x6EF8      	MOVWF       TBLPTRU 
0x09C4	0xF000ECDA  	CALL        436, 0
0x09C8	0x0012      	RETURN      0
;MyProject3.c,0 :: ?ICS?lstr2_MyProject3
0x0992	0x4320 ;?ICS?lstr2_MyProject3+0
0x0994	0x2020 ;?ICS?lstr2_MyProject3+2
0x0996	0x2020 ;?ICS?lstr2_MyProject3+4
0x0998	0x2020 ;?ICS?lstr2_MyProject3+6
0x099A	0x2020 ;?ICS?lstr2_MyProject3+8
0x099C	0x0020 ;?ICS?lstr2_MyProject3+10
; end of ?ICS?lstr2_MyProject3
;MyProject3.c,0 :: ?ICS?lstr1_MyProject3
0x099E	0x5620 ;?ICS?lstr1_MyProject3+0
0x09A0	0x2020 ;?ICS?lstr1_MyProject3+2
0x09A2	0x2020 ;?ICS?lstr1_MyProject3+4
0x09A4	0x2020 ;?ICS?lstr1_MyProject3+6
0x09A6	0x2020 ;?ICS?lstr1_MyProject3+8
0x09A8	0x0020 ;?ICS?lstr1_MyProject3+10
; end of ?ICS?lstr1_MyProject3
;__Lib_ADC_A_D.c,0 :: ?ICS_vref_mask
0x09AA	0x30 ;?ICS_vref_mask+0
; end of ?ICS_vref_mask
Symbol List:
//** Routines locations **
//ADDRESS    SIZE    PROCEDURE
//----------------------------------------------
0x001C       [6]    _Delay_1us
0x0022      [10]    _Delay_50us
0x002C      [22]    _Delay_5500us
0x0042      [26]    _SETFUN32
0x005C       [8]    _FIXSIGN32
0x0064     [124]    _Lcd_Cmd
0x00E0      [14]    _RES032
0x00EE      [12]    _Delay_22us
0x00FA     [114]    _NRM3232
0x016C      [24]    _SETFOV32
0x0184      [12]    _Lcd_Chr_CP
0x0190       [8]    _SETFDZ32
0x0198      [28]    _SETIOV3224
0x01B4      [16]    ___CC2DW
0x01C4      [36]    _ADC_Init
0x01E8     [122]    _Lcd_Out
0x0262     [150]    _Lcd_Init
0x02F8     [288]    _Mul_32x32_FP
0x0418     [218]    _double2word
0x04F2      [54]    _Div_16X16_U
0x0528      [40]    _word2double
0x0550      [62]    _ADC_Read
0x058E      [64]    _int2double
0x05CE     [372]    _Div_32x32_FP
0x0742     [592]    _main
//** Variables locations ** 
//ADDRESS    SIZE    VARIABLE
//----------------------------------------------
0x0000       [1]    R0
0x0001       [1]    R1
0x0002       [1]    R2
0x0003       [1]    R3
0x0004       [1]    R4
0x0005       [1]    R5
0x0006       [1]    R6
0x0007       [1]    R7
0x0008       [1]    R8
0x0009       [1]    R9
0x000A       [1]    R10
0x000B       [1]    R11
0x000C       [1]    R12
0x000D       [1]    R13
0x000E       [1]    R14
0x000F       [1]    R15
0x0010       [1]    R16
0x0011       [1]    R17
0x0012       [1]    R18
0x0013       [1]    R19
0x0014       [1]    R20
0x0015      [12]    ?lstr2_MyProject3
0x0021      [12]    ?lstr1_MyProject3
0x002D       [1]    _vref_mask
0x002E       [0]    __Lib_Lcd_cmd_status
0x002F       [4]    _ADC_Get_Sample_Ptr
0x0033      [10]    main_Tensao_L0
0x003D      [10]    main_Temp_L0
0x0047       [2]    main_V_ADC_L0
0x0049       [2]    main_V_max_L0
0x004B       [2]    main_T_max_L0
0x004D       [8]    FLOC__main
0x0055       [1]    FARG_ADC_Read_channel
0x0055       [1]    FARG_Lcd_Out_row
0x0056       [1]    FARG_Lcd_Out_column
0x0057       [2]    FARG_Lcd_Out_text
0x0059       [1]    Lcd_Out_i_L0
0x005A       [1]    FARG_Lcd_Chr_CP_out_char
0x005B       [1]    FARG_Lcd_Cmd_out_char
0x0F8A       [0]    LCD_D6
0x0F8A       [0]    LCD_D7
0x0F8A       [0]    LCD_D5
0x0F8A       [0]    LCD_RS
0x0F8A       [0]    LCD_EN
0x0F8A       [0]    LCD_D4
0x0F8A       [0]    LATB2_bit
0x0F8A       [0]    LATB1_bit
0x0F8A       [0]    LATB0_bit
0x0F8A       [0]    LATB3_bit
0x0F8A       [0]    LATB5_bit
0x0F8A       [0]    LATB4_bit
0x0F92       [1]    TRISA
0x0F93       [0]    LCD_D5_Direction
0x0F93       [0]    LCD_D4_Direction
0x0F93       [0]    LCD_D6_Direction
0x0F93       [0]    LCD_D7_Direction
0x0F93       [0]    LCD_EN_Direction
0x0F93       [0]    TRISB2_bit
0x0F93       [0]    TRISB3_bit
0x0F93       [0]    TRISB0_bit
0x0F93       [0]    TRISB1_bit
0x0F93       [0]    TRISB4_bit
0x0F93       [0]    LCD_RS_Direction
0x0F93       [0]    TRISB5_bit
0x0FC0       [1]    ADCON2
0x0FC1       [1]    ADCON1
0x0FC2       [1]    ADCON0
0x0FC3       [1]    ADRESL
0x0FC4       [1]    ADRESH
0x0FD8       [1]    STATUS
0x0FD9       [1]    FSR2L
0x0FDA       [1]    FSR2H
0x0FDE       [1]    POSTINC2
0x0FE0       [1]    BSR
0x0FE1       [1]    FSR1L
0x0FE2       [1]    FSR1H
0x0FE4       [1]    PREINC1
0x0FE6       [1]    POSTINC1
0x0FE7       [1]    INDF1
0x0FE8       [1]    WREG
0x0FE9       [1]    FSR0L
0x0FEA       [1]    FSR0H
0x0FEE       [1]    POSTINC0
0x0FF3       [1]    PRODL
0x0FF4       [1]    PRODH
0x0FF5       [1]    TABLAT
0x0FF6       [1]    TBLPTRL
0x0FF7       [1]    TBLPTRH
0x0FF8       [1]    TBLPTRU
//** Constants locations ** 
//ADDRESS    SIZE    CONSTANT
//----------------------------------------------
0x0992      [12]    ?ICS?lstr2_MyProject3
0x099E      [12]    ?ICS?lstr1_MyProject3
0x09AA       [1]    ?ICS_vref_mask
